Log file open, 08/05/19 00:06:48
LogWindows: Failed to load 'aqProf.dll' (GetLastError=126)
LogWindows: File 'aqProf.dll' does not exist
LogWindows: Failed to load 'VtuneApi.dll' (GetLastError=126)
LogWindows: File 'VtuneApi.dll' does not exist
LogWindows: Failed to load 'VtuneApi32e.dll' (GetLastError=126)
LogWindows: File 'VtuneApi32e.dll' does not exist
LogConsoleResponse: Display: Failed to find resolution value strings in scalability ini. Falling back to default.
LogInit: Display: Running engine for game: zhihui
LogPakFile: Registered encryption key '00000000000000000000000000000000': 0 pak files mounted, 0 remain pending
LogPlatformFile: Not using cached read wrapper
LogTaskGraph: Started task graph with 5 named threads and 23 total threads with 3 sets of task threads.
LogStats: Stats thread started at 0.942333
LogD3D11RHI: Loaded GFSDK_Aftermath_Lib.x64.dll
LogICUInternationalization: ICU TimeZone Detection - Raw Offset: +8:00, Platform Override: ''
LogPluginManager: Mounting plugin Paper2D
LogPluginManager: Mounting plugin AISupport
LogPluginManager: Mounting plugin LightPropagationVolume
LogPluginManager: Mounting plugin ActorLayerUtilities
LogPluginManager: Mounting plugin AnimationSharing
LogPluginManager: Mounting plugin CLionSourceCodeAccess
LogPluginManager: Mounting plugin CodeLiteSourceCodeAccess
LogPluginManager: Mounting plugin GitSourceControl
LogPluginManager: Mounting plugin KDevelopSourceCodeAccess
LogPluginManager: Mounting plugin NullSourceCodeAccess
LogPluginManager: Mounting plugin PerforceSourceControl
LogPluginManager: Mounting plugin SubversionSourceControl
LogPluginManager: Mounting plugin UObjectPlugin
LogPluginManager: Mounting plugin VisualStudioCodeSourceCodeAccess
LogPluginManager: Mounting plugin VisualStudioSourceCodeAccess
LogPluginManager: Mounting plugin XCodeSourceCodeAccess
LogPluginManager: Mounting plugin AssetManagerEditor
LogPluginManager: Mounting plugin CryptoKeys
LogPluginManager: Mounting plugin DataValidation
LogPluginManager: Mounting plugin FacialAnimation
LogPluginManager: Mounting plugin GameplayTagsEditor
LogPluginManager: Mounting plugin MacGraphicsSwitching
LogPluginManager: Mounting plugin MaterialAnalyzer
LogPluginManager: Mounting plugin MobileLauncherProfileWizard
LogPluginManager: Mounting plugin PluginBrowser
LogPluginManager: Mounting plugin SpeedTreeImporter
LogPluginManager: Mounting plugin DatasmithContent
LogPluginManager: Mounting plugin VariantManagerContent
LogPluginManager: Mounting plugin AlembicImporter
LogPluginManager: Mounting plugin AppleImageUtils
LogPluginManager: Mounting plugin AppleVision
LogPluginManager: Mounting plugin BackChannel
LogPluginManager: Mounting plugin CharacterAI
LogPluginManager: Mounting plugin GeometryCache
LogPluginManager: Mounting plugin HTML5Networking
LogPluginManager: Mounting plugin ProxyLODPlugin
LogPluginManager: Mounting plugin SkeletalReduction
LogPluginManager: Mounting plugin MagicLeap
LogPluginManager: Mounting plugin MagicLeapMedia
LogPluginManager: Mounting plugin AndroidMedia
LogPluginManager: Mounting plugin AvfMedia
LogPluginManager: Mounting plugin ImgMedia
LogPluginManager: Mounting plugin LinearTimecode
LogPluginManager: Mounting plugin MediaCompositing
LogPluginManager: Mounting plugin MediaPlayerEditor
LogPluginManager: Mounting plugin WebMMedia
LogPluginManager: Mounting plugin WmfMedia
LogPluginManager: Mounting plugin TcpMessaging
LogPluginManager: Mounting plugin UdpMessaging
LogPluginManager: Mounting plugin ActorSequence
LogPluginManager: Mounting plugin LevelSequenceEditor
LogPluginManager: Mounting plugin MatineeToLevelSequence
LogPluginManager: Mounting plugin NetcodeUnitTest
LogPluginManager: Mounting plugin NUTUnrealEngine4
LogPluginManager: Mounting plugin OnlineSubsystemGooglePlay
LogPluginManager: Mounting plugin OnlineSubsystemIOS
LogPluginManager: Mounting plugin OnlineSubsystem
LogPluginManager: Mounting plugin OnlineSubsystemNull
LogPluginManager: Mounting plugin OnlineSubsystemUtils
LogPluginManager: Mounting plugin LauncherChunkInstaller
LogPluginManager: Mounting plugin AndroidDeviceProfileSelector
LogPluginManager: Mounting plugin AndroidMoviePlayer
LogPluginManager: Mounting plugin AndroidPermission
LogPluginManager: Mounting plugin AppleMoviePlayer
LogPluginManager: Mounting plugin ArchVisCharacter
LogPluginManager: Mounting plugin AudioCapture
LogPluginManager: Mounting plugin CableComponent
LogPluginManager: Mounting plugin CustomMeshComponent
LogPluginManager: Mounting plugin EditableMesh
LogPluginManager: Mounting plugin ExampleDeviceProfileSelector
LogPluginManager: Mounting plugin Firebase
LogPluginManager: Mounting plugin GoogleCloudMessaging
LogPluginManager: Mounting plugin IOSDeviceProfileSelector
LogPluginManager: Mounting plugin LinuxDeviceProfileSelector
LogPluginManager: Mounting plugin LocationServicesBPLibrary
LogPluginManager: Mounting plugin MobilePatchingUtils
LogPluginManager: Mounting plugin OculusVR
LogPluginManager: Mounting plugin PhysXVehicles
LogPluginManager: Mounting plugin ProceduralMeshComponent
LogPluginManager: Mounting plugin RuntimePhysXCooking
LogPluginManager: Mounting plugin SignificanceManager
LogPluginManager: Mounting plugin SteamVR
LogPluginManager: Mounting plugin WebMMoviePlayer
LogPluginManager: Mounting plugin WindowsMoviePlayer
LogInit: Using libcurl 7.55.1-DEV
LogInit:  - built for x86_64-pc-win32
LogInit:  - supports SSL with OpenSSL/1.1.1
LogInit:  - supports HTTP deflate (compression) using libz 1.2.8
LogInit:  - other features:
LogInit:      CURL_VERSION_SSL
LogInit:      CURL_VERSION_LIBZ
LogInit:      CURL_VERSION_IPV6
LogInit:      CURL_VERSION_ASYNCHDNS
LogInit:      CURL_VERSION_LARGEFILE
LogInit:      CURL_VERSION_IDN
LogInit:  CurlRequestOptions (configurable via config and command line):
LogInit:  - bVerifyPeer = true  - Libcurl will verify peer certificate
LogInit:  - bUseHttpProxy = false  - Libcurl will NOT use HTTP proxy
LogInit:  - bDontReuseConnections = false  - Libcurl will reuse connections
LogInit:  - MaxHostConnections = 16  - Libcurl will limit the number of connections to a host
LogInit:  - LocalHostAddr = Default
LogInit:  - BufferSize = 65536
LogInit: WinSock: version 1.1 (2.2), MaxSocks=32767, MaxUdp=65467
LogInit: Build: ++UE4+Release-4.22-CL-7053642
LogInit: Engine Version: 4.22.3-7053642+++UE4+Release-4.22
LogInit: Compatible Engine Version: 4.22.0-5660361+++UE4+Release-4.22
LogInit: Net CL: 5660361
LogInit: OS: Windows 10 (Release 1803) (), CPU: Intel(R) Core(TM) i7-4700MQ CPU @ 2.40GHz, GPU: Intel(R) HD Graphics 4600
LogInit: Compiled (64-bit): Jun 18 2019 03:09:11
LogInit: Compiled with Visual C++: 19.16.27025.01
LogInit: Build Configuration: Development
LogInit: Branch Name: ++UE4+Release-4.22
LogInit: Command Line:  -skipcompile
LogInit: Base Directory: C:/Program Files/Epic Games/UE_4.22/Engine/Binaries/Win64/
LogInit: Installed Engine Build: 1
LogDevObjectVersion: Number of dev versions registered: 23
LogDevObjectVersion:   Dev-Blueprints (B0D832E4-1F89-4F0D-ACCF-7EB736FD4AA2): 10
LogDevObjectVersion:   Dev-Build (E1C64328-A22C-4D53-A36C-8E866417BD8C): 0
LogDevObjectVersion:   Dev-Core (375EC13C-06E4-48FB-B500-84F0262A717E): 3
LogDevObjectVersion:   Dev-Editor (E4B068ED-F494-42E9-A231-DA0B2E46BB41): 30
LogDevObjectVersion:   Dev-Framework (CFFC743F-43B0-4480-9391-14DF171D2073): 35
LogDevObjectVersion:   Dev-Mobile (B02B49B5-BB20-44E9-A304-32B752E40360): 2
LogDevObjectVersion:   Dev-Networking (A4E4105C-59A1-49B5-A7C5-40C4547EDFEE): 0
LogDevObjectVersion:   Dev-Online (39C831C9-5AE6-47DC-9A44-9C173E1C8E7C): 0
LogDevObjectVersion:   Dev-Physics (78F01B33-EBEA-4F98-B9B4-84EACCB95AA2): 0
LogDevObjectVersion:   Dev-Platform (6631380F-2D4D-43E0-8009-CF276956A95A): 0
LogDevObjectVersion:   Dev-Rendering (12F88B9F-8875-4AFC-A67C-D90C383ABD29): 28
LogDevObjectVersion:   Dev-Sequencer (7B5AE74C-D270-4C10-A958-57980B212A5A): 11
LogDevObjectVersion:   Dev-VR (D7296918-1DD6-4BDD-9DE2-64A83CC13884): 2
LogDevObjectVersion:   Dev-LoadTimes (C2A15278-BFE7-4AFE-6C17-90FF531DF755): 1
LogDevObjectVersion:   Private-Geometry (6EACA3D4-40EC-4CC1-B786-8BED09428FC5): 3
LogDevObjectVersion:   Dev-AnimPhys (29E575DD-E0A3-4627-9D10-D276232CDCEA): 17
LogDevObjectVersion:   Dev-Anim (AF43A65D-7FD3-4947-9873-3E8ED9C1BB05): 2
LogDevObjectVersion:   Dev-ReflectionCapture (6B266CEC-1EC7-4B8F-A30B-E4D90942FC07): 1
LogDevObjectVersion:   Dev-Automation (0DF73D61-A23F-47EA-B727-89E90C41499A): 1
LogDevObjectVersion:   FortniteMain (601D1886-AC64-4F84-AA16-D3DE0DEAC7D6): 25
LogDevObjectVersion:   Dev-Enterprise (9DFFBCD6-494F-0158-E221-12823C92A888): 6
LogDevObjectVersion:   Dev-Niagara (F2AED0AC-9AFE-416F-8664-AA7FFA26D6FC): 1
LogDevObjectVersion:   Dev-Destruction (174F1F0B-B4C6-45A5-B13F-2EE8D0FB917D): 2
LogInit: Presizing for max 16777216 objects, including 0 objects not considered by GC, pre-allocating 0 bytes for permanent pool.
LogInit: Object subsystem initialized
LogConfig: Setting CVar [[con.DebugEarlyDefault:1]]
LogConfig: Setting CVar [[r.setres:1280x720]]
[2019.08.04-16.06.50:379][  0]LogConfig: Setting CVar [[r.VSync:0]]
[2019.08.04-16.06.50:379][  0]LogConfig: Setting CVar [[r.RHICmdBypass:0]]
[2019.08.04-16.06.50:380][  0]LogConfig: Applying CVar settings from Section [/Script/Engine.RendererSettings] File [C:/Users/Administrator/Documents/Unreal Projects/zhihui/Saved/Config/Windows/Engine.ini]
[2019.08.04-16.06.50:380][  0]LogConfig: Setting CVar [[r.GPUCrashDebugging:0]]
[2019.08.04-16.06.50:380][  0]LogConfig: Setting CVar [[r.DefaultFeature.AutoExposure.ExtendDefaultLuminanceRange:1]]
[2019.08.04-16.06.50:380][  0]LogConfig: Applying CVar settings from Section [/Script/Engine.RendererOverrideSettings] File [C:/Users/Administrator/Documents/Unreal Projects/zhihui/Saved/Config/Windows/Engine.ini]
[2019.08.04-16.06.50:381][  0]LogConfig: Applying CVar settings from Section [/Script/Engine.StreamingSettings] File [C:/Users/Administrator/Documents/Unreal Projects/zhihui/Saved/Config/Windows/Engine.ini]
[2019.08.04-16.06.50:381][  0]LogConfig: Setting CVar [[s.MinBulkDataSizeForAsyncLoading:131072]]
[2019.08.04-16.06.50:381][  0]LogConfig: Setting CVar [[s.AsyncLoadingThreadEnabled:0]]
[2019.08.04-16.06.50:381][  0]LogConfig: Setting CVar [[s.EventDrivenLoaderEnabled:1]]
[2019.08.04-16.06.50:381][  0]LogConfig: Setting CVar [[s.WarnIfTimeLimitExceeded:0]]
[2019.08.04-16.06.50:381][  0]LogConfig: Setting CVar [[s.TimeLimitExceededMultiplier:1.5]]
[2019.08.04-16.06.50:382][  0]LogConfig: Setting CVar [[s.TimeLimitExceededMinTime:0.005]]
[2019.08.04-16.06.50:382][  0]LogConfig: Setting CVar [[s.UseBackgroundLevelStreaming:1]]
[2019.08.04-16.06.50:382][  0]LogConfig: Setting CVar [[s.PriorityAsyncLoadingExtraTime:15.0]]
[2019.08.04-16.06.50:382][  0]LogConfig: Setting CVar [[s.LevelStreamingActorsUpdateTimeLimit:5.0]]
[2019.08.04-16.06.50:382][  0]LogConfig: Setting CVar [[s.PriorityLevelStreamingActorsUpdateExtraTime:5.0]]
[2019.08.04-16.06.50:382][  0]LogConfig: Setting CVar [[s.LevelStreamingComponentsRegistrationGranularity:10]]
[2019.08.04-16.06.50:383][  0]LogConfig: Setting CVar [[s.UnregisterComponentsTimeLimit:1.0]]
[2019.08.04-16.06.50:383][  0]LogConfig: Setting CVar [[s.LevelStreamingComponentsUnregistrationGranularity:5]]
[2019.08.04-16.06.50:383][  0]LogConfig: Applying CVar settings from Section [/Script/Engine.GarbageCollectionSettings] File [C:/Users/Administrator/Documents/Unreal Projects/zhihui/Saved/Config/Windows/Engine.ini]
[2019.08.04-16.06.50:383][  0]LogConfig: Setting CVar [[gc.MaxObjectsNotConsideredByGC:1]]
[2019.08.04-16.06.50:383][  0]LogConfig: Setting CVar [[gc.SizeOfPermanentObjectPool:0]]
[2019.08.04-16.06.50:383][  0]LogConfig: Setting CVar [[gc.FlushStreamingOnGC:0]]
[2019.08.04-16.06.50:384][  0]LogConfig: Setting CVar [[gc.NumRetriesBeforeForcingGC:10]]
[2019.08.04-16.06.50:384][  0]LogConfig: Setting CVar [[gc.AllowParallelGC:1]]
[2019.08.04-16.06.50:384][  0]LogConfig: Setting CVar [[gc.TimeBetweenPurgingPendingKillObjects:61.1]]
[2019.08.04-16.06.50:384][  0]LogConfig: Setting CVar [[gc.MaxObjectsInEditor:16777216]]
[2019.08.04-16.06.50:384][  0]LogConfig: Setting CVar [[gc.IncrementalBeginDestroyEnabled:1]]
[2019.08.04-16.06.50:384][  0]LogConfig: Setting CVar [[gc.CreateGCClusters:1]]
[2019.08.04-16.06.50:385][  0]LogConfig: Setting CVar [[gc.MinGCClusterSize:5]]
[2019.08.04-16.06.50:385][  0]LogConfig: Setting CVar [[gc.ActorClusteringEnabled:0]]
[2019.08.04-16.06.50:385][  0]LogConfig: Setting CVar [[gc.BlueprintClusteringEnabled:0]]
[2019.08.04-16.06.50:385][  0]LogConfig: Setting CVar [[gc.UseDisregardForGCOnDedicatedServers:0]]
[2019.08.04-16.06.50:385][  0]LogConfig: Applying CVar settings from Section [/Script/Engine.NetworkSettings] File [C:/Users/Administrator/Documents/Unreal Projects/zhihui/Saved/Config/Windows/Engine.ini]
[2019.08.04-16.06.50:385][  0]LogConfig: Applying CVar settings from Section [/Script/UnrealEd.CookerSettings] File [C:/Users/Administrator/Documents/Unreal Projects/zhihui/Saved/Config/Windows/Engine.ini]
[2019.08.04-16.06.50:413][  0]LogConfig: Applying CVar settings from Section [ViewDistanceQuality@3] File [C:/Users/Administrator/Documents/Unreal Projects/zhihui/Saved/Config/Windows/Scalability.ini]
[2019.08.04-16.06.50:413][  0]LogConfig: Setting CVar [[r.SkeletalMeshLODBias:0]]
[2019.08.04-16.06.50:414][  0]LogConfig: Setting CVar [[r.ViewDistanceScale:1.0]]
[2019.08.04-16.06.50:414][  0]LogConfig: Applying CVar settings from Section [AntiAliasingQuality@3] File [C:/Users/Administrator/Documents/Unreal Projects/zhihui/Saved/Config/Windows/Scalability.ini]
[2019.08.04-16.06.50:414][  0]LogConfig: Setting CVar [[r.PostProcessAAQuality:4]]
[2019.08.04-16.06.50:414][  0]LogConfig: Applying CVar settings from Section [ShadowQuality@3] File [C:/Users/Administrator/Documents/Unreal Projects/zhihui/Saved/Config/Windows/Scalability.ini]
[2019.08.04-16.06.50:414][  0]LogConfig: Setting CVar [[r.LightFunctionQuality:1]]
[2019.08.04-16.06.50:415][  0]LogConfig: Setting CVar [[r.ShadowQuality:5]]
[2019.08.04-16.06.50:415][  0]LogConfig: Setting CVar [[r.Shadow.CSM.MaxCascades:10]]
[2019.08.04-16.06.50:416][  0]LogConfig: Setting CVar [[r.Shadow.MaxResolution:2048]]
[2019.08.04-16.06.50:416][  0]LogConfig: Setting CVar [[r.Shadow.MaxCSMResolution:2048]]
[2019.08.04-16.06.50:416][  0]LogConfig: Setting CVar [[r.Shadow.RadiusThreshold:0.01]]
[2019.08.04-16.06.50:417][  0]LogConfig: Setting CVar [[r.Shadow.DistanceScale:1.0]]
[2019.08.04-16.06.50:417][  0]LogConfig: Setting CVar [[r.Shadow.CSM.TransitionScale:1.0]]
[2019.08.04-16.06.50:417][  0]LogConfig: Setting CVar [[r.Shadow.PreShadowResolutionFactor:1.0]]
[2019.08.04-16.06.50:417][  0]LogConfig: Setting CVar [[r.DistanceFieldShadowing:1]]
[2019.08.04-16.06.50:417][  0]LogConfig: Setting CVar [[r.DistanceFieldAO:1]]
[2019.08.04-16.06.50:418][  0]LogConfig: Setting CVar [[r.AOQuality:2]]
[2019.08.04-16.06.50:418][  0]LogConfig: Setting CVar [[r.VolumetricFog:1]]
[2019.08.04-16.06.50:418][  0]LogConfig: Setting CVar [[r.VolumetricFog.GridPixelSize:8]]
[2019.08.04-16.06.50:418][  0]LogConfig: Setting CVar [[r.VolumetricFog.GridSizeZ:128]]
[2019.08.04-16.06.50:419][  0]LogConfig: Setting CVar [[r.VolumetricFog.HistoryMissSupersampleCount:4]]
[2019.08.04-16.06.50:419][  0]LogConfig: Setting CVar [[r.LightMaxDrawDistanceScale:1]]
[2019.08.04-16.06.50:419][  0]LogConfig: Setting CVar [[r.CapsuleShadows:1]]
[2019.08.04-16.06.50:419][  0]LogConfig: Applying CVar settings from Section [PostProcessQuality@3] File [C:/Users/Administrator/Documents/Unreal Projects/zhihui/Saved/Config/Windows/Scalability.ini]
[2019.08.04-16.06.50:420][  0]LogConfig: Setting CVar [[r.MotionBlurQuality:4]]
[2019.08.04-16.06.50:420][  0]LogConfig: Setting CVar [[r.AmbientOcclusionMipLevelFactor:0.4]]
[2019.08.04-16.06.50:420][  0]LogConfig: Setting CVar [[r.AmbientOcclusionMaxQuality:100]]
[2019.08.04-16.06.50:420][  0]LogConfig: Setting CVar [[r.AmbientOcclusionLevels:-1]]
[2019.08.04-16.06.50:420][  0]LogConfig: Setting CVar [[r.AmbientOcclusionRadiusScale:1.0]]
[2019.08.04-16.06.50:420][  0]LogConfig: Setting CVar [[r.DepthOfFieldQuality:2]]
[2019.08.04-16.06.50:421][  0]LogConfig: Setting CVar [[r.RenderTargetPoolMin:400]]
[2019.08.04-16.06.50:421][  0]LogConfig: Setting CVar [[r.LensFlareQuality:2]]
[2019.08.04-16.06.50:421][  0]LogConfig: Setting CVar [[r.SceneColorFringeQuality:1]]
[2019.08.04-16.06.50:421][  0]LogConfig: Setting CVar [[r.EyeAdaptationQuality:2]]
[2019.08.04-16.06.50:421][  0]LogConfig: Setting CVar [[r.BloomQuality:5]]
[2019.08.04-16.06.50:422][  0]LogConfig: Setting CVar [[r.FastBlurThreshold:100]]
[2019.08.04-16.06.50:422][  0]LogConfig: Setting CVar [[r.Upscale.Quality:3]]
[2019.08.04-16.06.50:422][  0]LogConfig: Setting CVar [[r.Tonemapper.GrainQuantization:1]]
[2019.08.04-16.06.50:422][  0]LogConfig: Setting CVar [[r.LightShaftQuality:1]]
[2019.08.04-16.06.50:422][  0]LogConfig: Setting CVar [[r.Filter.SizeScale:1]]
[2019.08.04-16.06.50:423][  0]LogConfig: Setting CVar [[r.Tonemapper.Quality:5]]
[2019.08.04-16.06.50:423][  0]LogConfig: Setting CVar [[r.DOF.Gather.AccumulatorQuality:1        ; higher gathering accumulator quality]]
[2019.08.04-16.06.50:423][  0]LogConfig: Setting CVar [[r.DOF.Gather.PostfilterMethod:1          ; Median3x3 postfilering method]]
[2019.08.04-16.06.50:423][  0]LogConfig: Setting CVar [[r.DOF.Gather.EnableBokehSettings:0       ; no bokeh simulation when gathering]]
[2019.08.04-16.06.50:423][  0]LogConfig: Setting CVar [[r.DOF.Gather.RingCount:4                 ; medium number of samples when gathering]]
[2019.08.04-16.06.50:424][  0]LogConfig: Setting CVar [[r.DOF.Scatter.ForegroundCompositing:1    ; additive foreground scattering]]
[2019.08.04-16.06.50:424][  0]LogConfig: Setting CVar [[r.DOF.Scatter.BackgroundCompositing:2    ; additive background scattering]]
[2019.08.04-16.06.50:424][  0]LogConfig: Setting CVar [[r.DOF.Scatter.EnableBokehSettings:1      ; bokeh simulation when scattering]]
[2019.08.04-16.06.50:424][  0]LogConfig: Setting CVar [[r.DOF.Scatter.MaxSpriteRatio:0.1         ; only a maximum of 10% of scattered bokeh]]
[2019.08.04-16.06.50:424][  0]LogConfig: Setting CVar [[r.DOF.Recombine.Quality:1                ; cheap slight out of focus]]
[2019.08.04-16.06.50:425][  0]LogConfig: Setting CVar [[r.DOF.Recombine.EnableBokehSettings:0    ; no bokeh simulation on slight out of focus]]
[2019.08.04-16.06.50:425][  0]LogConfig: Setting CVar [[r.DOF.TemporalAAQuality:1                ; more stable temporal accumulation]]
[2019.08.04-16.06.50:425][  0]LogConfig: Setting CVar [[r.DOF.Kernel.MaxForegroundRadius:0.025]]
[2019.08.04-16.06.50:425][  0]LogConfig: Setting CVar [[r.DOF.Kernel.MaxBackgroundRadius:0.025]]
[2019.08.04-16.06.50:425][  0]LogConfig: Applying CVar settings from Section [TextureQuality@3] File [C:/Users/Administrator/Documents/Unreal Projects/zhihui/Saved/Config/Windows/Scalability.ini]
[2019.08.04-16.06.50:426][  0]LogConfig: Setting CVar [[r.Streaming.MipBias:0]]
[2019.08.04-16.06.50:426][  0]LogConfig: Setting CVar [[r.Streaming.AmortizeCPUToGPUCopy:0]]
[2019.08.04-16.06.50:426][  0]LogConfig: Setting CVar [[r.Streaming.MaxNumTexturesToStreamPerFrame:0]]
[2019.08.04-16.06.50:426][  0]LogConfig: Setting CVar [[r.Streaming.Boost:1]]
[2019.08.04-16.06.50:427][  0]LogConfig: Setting CVar [[r.MaxAnisotropy:8]]
[2019.08.04-16.06.50:427][  0]LogConfig: Setting CVar [[r.Streaming.LimitPoolSizeToVRAM:0]]
[2019.08.04-16.06.50:427][  0]LogConfig: Setting CVar [[r.Streaming.PoolSize:1000]]
[2019.08.04-16.06.50:427][  0]LogConfig: Setting CVar [[r.Streaming.MaxEffectiveScreenSize:0]]
[2019.08.04-16.06.50:427][  0]LogConfig: Applying CVar settings from Section [EffectsQuality@3] File [C:/Users/Administrator/Documents/Unreal Projects/zhihui/Saved/Config/Windows/Scalability.ini]
[2019.08.04-16.06.50:427][  0]LogConfig: Setting CVar [[r.TranslucencyLightingVolumeDim:64]]
[2019.08.04-16.06.50:428][  0]LogConfig: Setting CVar [[r.RefractionQuality:2]]
[2019.08.04-16.06.50:428][  0]LogConfig: Setting CVar [[r.SSR.Quality:3]]
[2019.08.04-16.06.50:428][  0]LogConfig: Setting CVar [[r.SceneColorFormat:4]]
[2019.08.04-16.06.50:428][  0]LogConfig: Setting CVar [[r.DetailMode:2]]
[2019.08.04-16.06.50:429][  0]LogConfig: Setting CVar [[r.TranslucencyVolumeBlur:1]]
[2019.08.04-16.06.50:429][  0]LogConfig: Setting CVar [[r.MaterialQualityLevel:1 ; High quality]]
[2019.08.04-16.06.50:429][  0]LogConfig: Setting CVar [[r.SSS.Scale:1]]
[2019.08.04-16.06.50:429][  0]LogConfig: Setting CVar [[r.SSS.SampleSet:2]]
[2019.08.04-16.06.50:429][  0]LogConfig: Setting CVar [[r.SSS.Quality:1]]
[2019.08.04-16.06.50:429][  0]LogConfig: Setting CVar [[r.SSS.HalfRes:1]]
[2019.08.04-16.06.50:430][  0]LogConfig: Setting CVar [[r.EmitterSpawnRateScale:1.0]]
[2019.08.04-16.06.50:430][  0]LogConfig: Setting CVar [[r.ParticleLightQuality:2]]
[2019.08.04-16.06.50:430][  0]LogConfig: Applying CVar settings from Section [FoliageQuality@3] File [C:/Users/Administrator/Documents/Unreal Projects/zhihui/Saved/Config/Windows/Scalability.ini]
[2019.08.04-16.06.50:430][  0]LogConfig: Setting CVar [[foliage.DensityScale:1.0]]
[2019.08.04-16.06.50:430][  0]LogConfig: Setting CVar [[grass.DensityScale:1.0]]
[2019.08.04-16.06.50:432][  0]LogInit: Selected Device Profile: [Windows]
[2019.08.04-16.06.50:432][  0]LogInit: Applying CVar settings loaded from the selected device profile: [Windows]
[2019.08.04-16.06.50:469][  0]LogHAL: Display: Platform has ~ 16 GB [17100521472 / 17179869184 / 16], which maps to Larger [LargestMinGB=32, LargerMinGB=12, DefaultMinGB=8, SmallerMinGB=6, SmallestMinGB=0)
[2019.08.04-16.06.50:470][  0]LogConfig: Setting CVar [[r.Vulkan.UseRealUBs:0		; Required until we fix HLR fall-out]]
[2019.08.04-16.06.50:470][  0]LogInit: Going up to parent DeviceProfile []
[2019.08.04-16.06.50:471][  0]LogConfig: Applying CVar settings from Section [ViewDistanceQuality@3] File [C:/Users/Administrator/Documents/Unreal Projects/zhihui/Saved/Config/Windows/Scalability.ini]
[2019.08.04-16.06.50:471][  0]LogConfig: Setting CVar [[r.SkeletalMeshLODBias:0]]
[2019.08.04-16.06.50:471][  0]LogConfig: Setting CVar [[r.ViewDistanceScale:1.0]]
[2019.08.04-16.06.50:471][  0]LogConfig: Applying CVar settings from Section [AntiAliasingQuality@3] File [C:/Users/Administrator/Documents/Unreal Projects/zhihui/Saved/Config/Windows/Scalability.ini]
[2019.08.04-16.06.50:471][  0]LogConfig: Setting CVar [[r.PostProcessAAQuality:4]]
[2019.08.04-16.06.50:472][  0]LogConfig: Applying CVar settings from Section [ShadowQuality@3] File [C:/Users/Administrator/Documents/Unreal Projects/zhihui/Saved/Config/Windows/Scalability.ini]
[2019.08.04-16.06.50:472][  0]LogConfig: Setting CVar [[r.LightFunctionQuality:1]]
[2019.08.04-16.06.50:472][  0]LogConfig: Setting CVar [[r.ShadowQuality:5]]
[2019.08.04-16.06.50:472][  0]LogConfig: Setting CVar [[r.Shadow.CSM.MaxCascades:10]]
[2019.08.04-16.06.50:472][  0]LogConfig: Setting CVar [[r.Shadow.MaxResolution:2048]]
[2019.08.04-16.06.50:472][  0]LogConfig: Setting CVar [[r.Shadow.MaxCSMResolution:2048]]
[2019.08.04-16.06.50:473][  0]LogConfig: Setting CVar [[r.Shadow.RadiusThreshold:0.01]]
[2019.08.04-16.06.50:473][  0]LogConfig: Setting CVar [[r.Shadow.DistanceScale:1.0]]
[2019.08.04-16.06.50:473][  0]LogConfig: Setting CVar [[r.Shadow.CSM.TransitionScale:1.0]]
[2019.08.04-16.06.50:473][  0]LogConfig: Setting CVar [[r.Shadow.PreShadowResolutionFactor:1.0]]
[2019.08.04-16.06.50:473][  0]LogConfig: Setting CVar [[r.DistanceFieldShadowing:1]]
[2019.08.04-16.06.50:473][  0]LogConfig: Setting CVar [[r.DistanceFieldAO:1]]
[2019.08.04-16.06.50:474][  0]LogConfig: Setting CVar [[r.AOQuality:2]]
[2019.08.04-16.06.50:474][  0]LogConfig: Setting CVar [[r.VolumetricFog:1]]
[2019.08.04-16.06.50:474][  0]LogConfig: Setting CVar [[r.VolumetricFog.GridPixelSize:8]]
[2019.08.04-16.06.50:474][  0]LogConfig: Setting CVar [[r.VolumetricFog.GridSizeZ:128]]
[2019.08.04-16.06.50:474][  0]LogConfig: Setting CVar [[r.VolumetricFog.HistoryMissSupersampleCount:4]]
[2019.08.04-16.06.50:475][  0]LogConfig: Setting CVar [[r.LightMaxDrawDistanceScale:1]]
[2019.08.04-16.06.50:475][  0]LogConfig: Setting CVar [[r.CapsuleShadows:1]]
[2019.08.04-16.06.50:475][  0]LogConfig: Applying CVar settings from Section [PostProcessQuality@3] File [C:/Users/Administrator/Documents/Unreal Projects/zhihui/Saved/Config/Windows/Scalability.ini]
[2019.08.04-16.06.50:475][  0]LogConfig: Setting CVar [[r.MotionBlurQuality:4]]
[2019.08.04-16.06.50:475][  0]LogConfig: Setting CVar [[r.AmbientOcclusionMipLevelFactor:0.4]]
[2019.08.04-16.06.50:475][  0]LogConfig: Setting CVar [[r.AmbientOcclusionMaxQuality:100]]
[2019.08.04-16.06.50:476][  0]LogConfig: Setting CVar [[r.AmbientOcclusionLevels:-1]]
[2019.08.04-16.06.50:476][  0]LogConfig: Setting CVar [[r.AmbientOcclusionRadiusScale:1.0]]
[2019.08.04-16.06.50:476][  0]LogConfig: Setting CVar [[r.DepthOfFieldQuality:2]]
[2019.08.04-16.06.50:476][  0]LogConfig: Setting CVar [[r.RenderTargetPoolMin:400]]
[2019.08.04-16.06.50:476][  0]LogConfig: Setting CVar [[r.LensFlareQuality:2]]
[2019.08.04-16.06.50:476][  0]LogConfig: Setting CVar [[r.SceneColorFringeQuality:1]]
[2019.08.04-16.06.50:477][  0]LogConfig: Setting CVar [[r.EyeAdaptationQuality:2]]
[2019.08.04-16.06.50:477][  0]LogConfig: Setting CVar [[r.BloomQuality:5]]
[2019.08.04-16.06.50:477][  0]LogConfig: Setting CVar [[r.FastBlurThreshold:100]]
[2019.08.04-16.06.50:477][  0]LogConfig: Setting CVar [[r.Upscale.Quality:3]]
[2019.08.04-16.06.50:478][  0]LogConfig: Setting CVar [[r.Tonemapper.GrainQuantization:1]]
[2019.08.04-16.06.50:478][  0]LogConfig: Setting CVar [[r.LightShaftQuality:1]]
[2019.08.04-16.06.50:478][  0]LogConfig: Setting CVar [[r.Filter.SizeScale:1]]
[2019.08.04-16.06.50:478][  0]LogConfig: Setting CVar [[r.Tonemapper.Quality:5]]
[2019.08.04-16.06.50:478][  0]LogConfig: Setting CVar [[r.DOF.Gather.AccumulatorQuality:1        ; higher gathering accumulator quality]]
[2019.08.04-16.06.50:478][  0]LogConfig: Setting CVar [[r.DOF.Gather.PostfilterMethod:1          ; Median3x3 postfilering method]]
[2019.08.04-16.06.50:479][  0]LogConfig: Setting CVar [[r.DOF.Gather.EnableBokehSettings:0       ; no bokeh simulation when gathering]]
[2019.08.04-16.06.50:479][  0]LogConfig: Setting CVar [[r.DOF.Gather.RingCount:4                 ; medium number of samples when gathering]]
[2019.08.04-16.06.50:479][  0]LogConfig: Setting CVar [[r.DOF.Scatter.ForegroundCompositing:1    ; additive foreground scattering]]
[2019.08.04-16.06.50:479][  0]LogConfig: Setting CVar [[r.DOF.Scatter.BackgroundCompositing:2    ; additive background scattering]]
[2019.08.04-16.06.50:479][  0]LogConfig: Setting CVar [[r.DOF.Scatter.EnableBokehSettings:1      ; bokeh simulation when scattering]]
[2019.08.04-16.06.50:479][  0]LogConfig: Setting CVar [[r.DOF.Scatter.MaxSpriteRatio:0.1         ; only a maximum of 10% of scattered bokeh]]
[2019.08.04-16.06.50:480][  0]LogConfig: Setting CVar [[r.DOF.Recombine.Quality:1                ; cheap slight out of focus]]
[2019.08.04-16.06.50:480][  0]LogConfig: Setting CVar [[r.DOF.Recombine.EnableBokehSettings:0    ; no bokeh simulation on slight out of focus]]
[2019.08.04-16.06.50:480][  0]LogConfig: Setting CVar [[r.DOF.TemporalAAQuality:1                ; more stable temporal accumulation]]
[2019.08.04-16.06.50:480][  0]LogConfig: Setting CVar [[r.DOF.Kernel.MaxForegroundRadius:0.025]]
[2019.08.04-16.06.50:480][  0]LogConfig: Setting CVar [[r.DOF.Kernel.MaxBackgroundRadius:0.025]]
[2019.08.04-16.06.50:480][  0]LogConfig: Applying CVar settings from Section [TextureQuality@3] File [C:/Users/Administrator/Documents/Unreal Projects/zhihui/Saved/Config/Windows/Scalability.ini]
[2019.08.04-16.06.50:480][  0]LogConfig: Setting CVar [[r.Streaming.MipBias:0]]
[2019.08.04-16.06.50:481][  0]LogConfig: Setting CVar [[r.Streaming.AmortizeCPUToGPUCopy:0]]
[2019.08.04-16.06.50:481][  0]LogConfig: Setting CVar [[r.Streaming.MaxNumTexturesToStreamPerFrame:0]]
[2019.08.04-16.06.50:481][  0]LogConfig: Setting CVar [[r.Streaming.Boost:1]]
[2019.08.04-16.06.50:481][  0]LogConfig: Setting CVar [[r.MaxAnisotropy:8]]
[2019.08.04-16.06.50:481][  0]LogConfig: Setting CVar [[r.Streaming.LimitPoolSizeToVRAM:0]]
[2019.08.04-16.06.50:481][  0]LogConfig: Setting CVar [[r.Streaming.PoolSize:1000]]
[2019.08.04-16.06.50:482][  0]LogConfig: Setting CVar [[r.Streaming.MaxEffectiveScreenSize:0]]
[2019.08.04-16.06.50:482][  0]LogConfig: Applying CVar settings from Section [EffectsQuality@3] File [C:/Users/Administrator/Documents/Unreal Projects/zhihui/Saved/Config/Windows/Scalability.ini]
[2019.08.04-16.06.50:482][  0]LogConfig: Setting CVar [[r.TranslucencyLightingVolumeDim:64]]
[2019.08.04-16.06.50:482][  0]LogConfig: Setting CVar [[r.RefractionQuality:2]]
[2019.08.04-16.06.50:482][  0]LogConfig: Setting CVar [[r.SSR.Quality:3]]
[2019.08.04-16.06.50:482][  0]LogConfig: Setting CVar [[r.SceneColorFormat:4]]
[2019.08.04-16.06.50:482][  0]LogConfig: Setting CVar [[r.DetailMode:2]]
[2019.08.04-16.06.50:483][  0]LogConfig: Setting CVar [[r.TranslucencyVolumeBlur:1]]
[2019.08.04-16.06.50:483][  0]LogConfig: Setting CVar [[r.MaterialQualityLevel:1 ; High quality]]
[2019.08.04-16.06.50:483][  0]LogConfig: Setting CVar [[r.SSS.Scale:1]]
[2019.08.04-16.06.50:483][  0]LogConfig: Setting CVar [[r.SSS.SampleSet:2]]
[2019.08.04-16.06.50:483][  0]LogConfig: Setting CVar [[r.SSS.Quality:1]]
[2019.08.04-16.06.50:483][  0]LogConfig: Setting CVar [[r.SSS.HalfRes:1]]
[2019.08.04-16.06.50:483][  0]LogConfig: Setting CVar [[r.EmitterSpawnRateScale:1.0]]
[2019.08.04-16.06.50:484][  0]LogConfig: Setting CVar [[r.ParticleLightQuality:2]]
[2019.08.04-16.06.50:484][  0]LogConfig: Applying CVar settings from Section [FoliageQuality@3] File [C:/Users/Administrator/Documents/Unreal Projects/zhihui/Saved/Config/Windows/Scalability.ini]
[2019.08.04-16.06.50:484][  0]LogConfig: Setting CVar [[foliage.DensityScale:1.0]]
[2019.08.04-16.06.50:484][  0]LogConfig: Setting CVar [[grass.DensityScale:1.0]]
[2019.08.04-16.06.50:484][  0]LogConfig: Applying CVar settings from Section [Startup] File [../../../Engine/Config/ConsoleVariables.ini]
[2019.08.04-16.06.50:485][  0]LogConfig: Setting CVar [[net.UseAdaptiveNetUpdateFrequency:0]]
[2019.08.04-16.06.50:485][  0]LogConfig: Setting CVar [[p.chaos.AllowCreatePhysxBodies:1]]
[2019.08.04-16.06.50:486][  0]LogConfig: Applying CVar settings from Section [ConsoleVariables] File [C:/Users/Administrator/Documents/Unreal Projects/zhihui/Saved/Config/Windows/Engine.ini]
[2019.08.04-16.06.50:486][  0]LogInit: Computer: TERRANSFORCE
[2019.08.04-16.06.50:486][  0]LogInit: User: Administrator
[2019.08.04-16.06.50:486][  0]LogInit: CPU Page size=4096, Cores=4
[2019.08.04-16.06.50:487][  0]LogInit: High frequency timer resolution =2.338339 MHz
[2019.08.04-16.06.50:488][  0]LogMemory: Memory total: Physical=15.9GB (16GB approx)
[2019.08.04-16.06.50:488][  0]LogMemory: Platform Memory Stats for Windows
[2019.08.04-16.06.50:488][  0]LogMemory: Process Physical Memory: 110.34 MB used, 110.34 MB peak
[2019.08.04-16.06.50:488][  0]LogMemory: Process Virtual Memory: 91.08 MB used, 91.08 MB peak
[2019.08.04-16.06.50:488][  0]LogMemory: Physical Memory: 8586.69 MB used,  7721.64 MB free, 16308.33 MB total
[2019.08.04-16.06.50:488][  0]LogMemory: Virtual Memory: 4672.70 MB used,  134213056.00 MB free, 134217728.00 MB total
[2019.08.04-16.06.51:479][  0]LogInit: Using OS detected language (zh-CN).
[2019.08.04-16.06.51:479][  0]LogInit: Using OS detected locale (zh-CN).
[2019.08.04-16.06.51:488][  0]LogTextLocalizationResource: LocRes '../../../Engine/Content/Localization/Editor/zh-Hans-CN/Editor.locres' could not be opened for reading!
[2019.08.04-16.06.51:489][  0]LogTextLocalizationResource: LocRes '../../../Engine/Content/Localization/EditorTutorials/zh-Hans-CN/EditorTutorials.locres' could not be opened for reading!
[2019.08.04-16.06.51:490][  0]LogTextLocalizationResource: LocRes '../../../Engine/Content/Localization/Keywords/zh-Hans-CN/Keywords.locres' could not be opened for reading!
[2019.08.04-16.06.51:492][  0]LogTextLocalizationResource: LocRes '../../../Engine/Content/Localization/Category/zh-Hans-CN/Category.locres' could not be opened for reading!
[2019.08.04-16.06.51:493][  0]LogTextLocalizationResource: LocRes '../../../Engine/Content/Localization/ToolTips/zh-Hans-CN/ToolTips.locres' could not be opened for reading!
[2019.08.04-16.06.51:494][  0]LogTextLocalizationResource: LocRes '../../../Engine/Content/Localization/PropertyNames/zh-Hans-CN/PropertyNames.locres' could not be opened for reading!
[2019.08.04-16.06.51:496][  0]LogTextLocalizationResource: LocRes '../../../Engine/Content/Localization/Engine/zh-Hans-CN/Engine.locres' could not be opened for reading!
[2019.08.04-16.06.51:497][  0]LogTextLocalizationResource: LocRes '../../../Engine/Plugins/Online/Android/OnlineSubsystemGooglePlay/Content/Localization/OnlineSubsystemGooglePlay/zh-Hans-CN/OnlineSubsystemGooglePlay.locres' could not be opened for reading!
[2019.08.04-16.06.51:498][  0]LogTextLocalizationResource: LocRes '../../../Engine/Plugins/Online/IOS/OnlineSubsystemIOS/Content/Localization/OnlineSubsystemIOS/zh-Hans-CN/OnlineSubsystemIOS.locres' could not be opened for reading!
[2019.08.04-16.06.51:500][  0]LogTextLocalizationResource: LocRes '../../../Engine/Plugins/Online/OnlineSubsystem/Content/Localization/OnlineSubsystem/zh-Hans-CN/OnlineSubsystem.locres' could not be opened for reading!
[2019.08.04-16.06.51:501][  0]LogTextLocalizationResource: LocRes '../../../Engine/Plugins/Online/OnlineSubsystemUtils/Content/Localization/OnlineSubsystemUtils/zh-Hans-CN/OnlineSubsystemUtils.locres' could not be opened for reading!
[2019.08.04-16.06.51:819][  0]LogTextLocalizationResource: LocRes '../../../Engine/Plugins/Online/Android/OnlineSubsystemGooglePlay/Content/Localization/OnlineSubsystemGooglePlay/zh-CN/OnlineSubsystemGooglePlay.locres' could not be opened for reading!
[2019.08.04-16.06.51:820][  0]LogTextLocalizationResource: LocRes '../../../Engine/Plugins/Online/IOS/OnlineSubsystemIOS/Content/Localization/OnlineSubsystemIOS/zh-CN/OnlineSubsystemIOS.locres' could not be opened for reading!
[2019.08.04-16.06.51:821][  0]LogTextLocalizationResource: LocRes '../../../Engine/Plugins/Online/OnlineSubsystem/Content/Localization/OnlineSubsystem/zh-CN/OnlineSubsystem.locres' could not be opened for reading!
[2019.08.04-16.06.51:822][  0]LogTextLocalizationResource: LocRes '../../../Engine/Plugins/Online/OnlineSubsystemUtils/Content/Localization/OnlineSubsystemUtils/zh-CN/OnlineSubsystemUtils.locres' could not be opened for reading!
[2019.08.04-16.06.51:823][  0]LogTextLocalizationResource: LocRes '../../../Engine/Content/Localization/Editor/zh-Hans/Editor.locres' could not be opened for reading!
[2019.08.04-16.06.51:824][  0]LogTextLocalizationResource: LocRes '../../../Engine/Content/Localization/EditorTutorials/zh-Hans/EditorTutorials.locres' could not be opened for reading!
[2019.08.04-16.06.51:825][  0]LogTextLocalizationResource: LocRes '../../../Engine/Content/Localization/Keywords/zh-Hans/Keywords.locres' could not be opened for reading!
[2019.08.04-16.06.51:826][  0]LogTextLocalizationResource: LocRes '../../../Engine/Content/Localization/Category/zh-Hans/Category.locres' could not be opened for reading!
[2019.08.04-16.06.51:827][  0]LogTextLocalizationResource: LocRes '../../../Engine/Content/Localization/ToolTips/zh-Hans/ToolTips.locres' could not be opened for reading!
[2019.08.04-16.06.51:828][  0]LogTextLocalizationResource: LocRes '../../../Engine/Content/Localization/PropertyNames/zh-Hans/PropertyNames.locres' could not be opened for reading!
[2019.08.04-16.06.51:829][  0]LogTextLocalizationResource: LocRes '../../../Engine/Content/Localization/Engine/zh-Hans/Engine.locres' could not be opened for reading!
[2019.08.04-16.06.51:837][  0]LogTextLocalizationResource: LocRes '../../../Engine/Content/Localization/Editor/zh/Editor.locres' could not be opened for reading!
[2019.08.04-16.06.51:838][  0]LogTextLocalizationResource: LocRes '../../../Engine/Content/Localization/EditorTutorials/zh/EditorTutorials.locres' could not be opened for reading!
[2019.08.04-16.06.51:839][  0]LogTextLocalizationResource: LocRes '../../../Engine/Content/Localization/Keywords/zh/Keywords.locres' could not be opened for reading!
[2019.08.04-16.06.51:840][  0]LogTextLocalizationResource: LocRes '../../../Engine/Content/Localization/Category/zh/Category.locres' could not be opened for reading!
[2019.08.04-16.06.51:841][  0]LogTextLocalizationResource: LocRes '../../../Engine/Content/Localization/ToolTips/zh/ToolTips.locres' could not be opened for reading!
[2019.08.04-16.06.51:842][  0]LogTextLocalizationResource: LocRes '../../../Engine/Content/Localization/PropertyNames/zh/PropertyNames.locres' could not be opened for reading!
[2019.08.04-16.06.51:843][  0]LogTextLocalizationResource: LocRes '../../../Engine/Content/Localization/Engine/zh/Engine.locres' could not be opened for reading!
[2019.08.04-16.06.51:844][  0]LogTextLocalizationResource: LocRes '../../../Engine/Plugins/Online/Android/OnlineSubsystemGooglePlay/Content/Localization/OnlineSubsystemGooglePlay/zh/OnlineSubsystemGooglePlay.locres' could not be opened for reading!
[2019.08.04-16.06.51:845][  0]LogTextLocalizationResource: LocRes '../../../Engine/Plugins/Online/IOS/OnlineSubsystemIOS/Content/Localization/OnlineSubsystemIOS/zh/OnlineSubsystemIOS.locres' could not be opened for reading!
[2019.08.04-16.06.51:847][  0]LogTextLocalizationResource: LocRes '../../../Engine/Plugins/Online/OnlineSubsystem/Content/Localization/OnlineSubsystem/zh/OnlineSubsystem.locres' could not be opened for reading!
[2019.08.04-16.06.51:848][  0]LogTextLocalizationResource: LocRes '../../../Engine/Plugins/Online/OnlineSubsystemUtils/Content/Localization/OnlineSubsystemUtils/zh/OnlineSubsystemUtils.locres' could not be opened for reading!
[2019.08.04-16.06.52:134][  0]LogSlate: New Slate User Created.  User Index 0, Is Virtual User: 0
[2019.08.04-16.06.52:135][  0]LogSlate: Slate User Registered.  User Index 0, Is Virtual User: 0
[2019.08.04-16.06.53:221][  0]LogHMD: Failed to initialize OpenVR with code 110
[2019.08.04-16.06.53:222][  0]LogD3D11RHI: D3D11 adapters:
[2019.08.04-16.06.54:366][  0]LogD3D11RHI:    0. 'NVIDIA GeForce GTX 770M' (Feature Level 11_0)
[2019.08.04-16.06.54:366][  0]LogD3D11RHI:       3029/0/8154 MB DedicatedVideo/DedicatedSystem/SharedSystem, Outputs:1, VendorId:0x10de
[2019.08.04-16.06.54:423][  0]LogD3D11RHI:    1. 'Intel(R) HD Graphics 4600' (Feature Level 11_0)
[2019.08.04-16.06.54:423][  0]LogD3D11RHI:       112/0/2048 MB DedicatedVideo/DedicatedSystem/SharedSystem, Outputs:0, VendorId:0x8086
[2019.08.04-16.06.54:454][  0]LogD3D11RHI:    2. 'Microsoft Basic Render Driver' (Feature Level 11_0)
[2019.08.04-16.06.54:454][  0]LogD3D11RHI:       0/0/8154 MB DedicatedVideo/DedicatedSystem/SharedSystem, Outputs:0, VendorId:0x1414
[2019.08.04-16.06.54:454][  0]LogD3D11RHI: Chosen D3D11 Adapter: 0
[2019.08.04-16.06.54:525][  0]LogD3D11RHI: Creating new Direct3DDevice
[2019.08.04-16.06.54:525][  0]LogD3D11RHI:     GPU DeviceId: 0x11e0 (for the marketing name, search the web for "GPU Device Id")
[2019.08.04-16.06.54:525][  0]LogWindows: EnumDisplayDevices:
[2019.08.04-16.06.54:527][  0]LogWindows:    0. 'Intel(R) HD Graphics 4600' (P:1 D:1)
[2019.08.04-16.06.54:532][  0]LogWindows:    1. 'Intel(R) HD Graphics 4600' (P:0 D:0)
[2019.08.04-16.06.54:537][  0]LogWindows:    2. 'Intel(R) HD Graphics 4600' (P:0 D:0)
[2019.08.04-16.06.54:541][  0]LogWindows: DebugString: PrimaryIsNotTheChoosenAdapter PrimaryIsNotTheChoosenAdapter PrimaryIsNotTheChoosenAdapter FoundDriverCount:0 
[2019.08.04-16.06.54:541][  0]LogD3D11RHI:     Adapter Name: NVIDIA GeForce GTX 770M
[2019.08.04-16.06.54:542][  0]LogD3D11RHI:   Driver Version: Unknown (internal:Unknown, unified:Unknown)
[2019.08.04-16.06.54:542][  0]LogD3D11RHI:      Driver Date: Unknown
[2019.08.04-16.06.54:542][  0]LogRHI: Texture pool is 2120 MB (70% of 3029 MB)
[2019.08.04-16.06.54:736][  0]LogD3D11RHI: Async texture creation enabled
[2019.08.04-16.06.54:756][  0]LogRendererCore: FGlobalReadBuffer::InitRHI
[2019.08.04-16.06.54:759][  0]LogRendererCore: FGlobalReadBuffer::InitRHI
[2019.08.04-16.06.54:759][  0]LogRendererCore: FGlobalReadBuffer::InitRHI
[2019.08.04-16.06.54:780][  0]LogD3D11RHI: GPU Timing Frequency: 1000.000000 (Debug: 2 2)
[2019.08.04-16.06.56:579][  0]LogTemp: Display: Module 'AllDesktopTargetPlatform' loaded TargetPlatform 'AllDesktop'
[2019.08.04-16.06.56:616][  0]LogTemp: Display: Module 'MacClientTargetPlatform' loaded TargetPlatform 'MacClient'
[2019.08.04-16.06.56:659][  0]LogTemp: Display: Module 'MacNoEditorTargetPlatform' loaded TargetPlatform 'MacNoEditor'
[2019.08.04-16.06.56:712][  0]LogTemp: Display: Module 'MacServerTargetPlatform' loaded TargetPlatform 'MacServer'
[2019.08.04-16.06.56:758][  0]LogTemp: Display: Module 'MacTargetPlatform' loaded TargetPlatform 'Mac'
[2019.08.04-16.06.56:803][  0]LogTemp: Display: Module 'WindowsClientTargetPlatform' loaded TargetPlatform 'WindowsClient'
[2019.08.04-16.06.56:850][  0]LogTemp: Display: Module 'WindowsNoEditorTargetPlatform' loaded TargetPlatform 'WindowsNoEditor'
[2019.08.04-16.06.56:898][  0]LogTemp: Display: Module 'WindowsServerTargetPlatform' loaded TargetPlatform 'WindowsServer'
[2019.08.04-16.06.56:930][  0]LogTemp: Display: Module 'WindowsTargetPlatform' loaded TargetPlatform 'Windows'
[2019.08.04-16.06.57:197][  0]LogTemp: Display: Module 'AndroidTargetPlatform' loaded TargetPlatform 'Android'
[2019.08.04-16.06.57:198][  0]LogTemp: Display: Module 'AndroidTargetPlatform' loaded TargetPlatform 'Android_ASTC'
[2019.08.04-16.06.57:198][  0]LogTemp: Display: Module 'AndroidTargetPlatform' loaded TargetPlatform 'Android_ATC'
[2019.08.04-16.06.57:198][  0]LogTemp: Display: Module 'AndroidTargetPlatform' loaded TargetPlatform 'Android_DXT'
[2019.08.04-16.06.57:198][  0]LogTemp: Display: Module 'AndroidTargetPlatform' loaded TargetPlatform 'Android_ETC1'
[2019.08.04-16.06.57:198][  0]LogTemp: Display: Module 'AndroidTargetPlatform' loaded TargetPlatform 'Android_ETC1a'
[2019.08.04-16.06.57:199][  0]LogTemp: Display: Module 'AndroidTargetPlatform' loaded TargetPlatform 'Android_ETC2'
[2019.08.04-16.06.57:199][  0]LogTemp: Display: Module 'AndroidTargetPlatform' loaded TargetPlatform 'Android_PVRTC'
[2019.08.04-16.06.57:199][  0]LogTemp: Display: Module 'AndroidTargetPlatform' loaded TargetPlatform 'AndroidClient'
[2019.08.04-16.06.57:199][  0]LogTemp: Display: Module 'AndroidTargetPlatform' loaded TargetPlatform 'Android_ASTCClient'
[2019.08.04-16.06.57:199][  0]LogTemp: Display: Module 'AndroidTargetPlatform' loaded TargetPlatform 'Android_ATCClient'
[2019.08.04-16.06.57:199][  0]LogTemp: Display: Module 'AndroidTargetPlatform' loaded TargetPlatform 'Android_DXTClient'
[2019.08.04-16.06.57:200][  0]LogTemp: Display: Module 'AndroidTargetPlatform' loaded TargetPlatform 'Android_ETC1Client'
[2019.08.04-16.06.57:200][  0]LogTemp: Display: Module 'AndroidTargetPlatform' loaded TargetPlatform 'Android_ETC1aClient'
[2019.08.04-16.06.57:200][  0]LogTemp: Display: Module 'AndroidTargetPlatform' loaded TargetPlatform 'Android_ETC2Client'
[2019.08.04-16.06.57:200][  0]LogTemp: Display: Module 'AndroidTargetPlatform' loaded TargetPlatform 'Android_PVRTCClient'
[2019.08.04-16.06.57:200][  0]LogTemp: Display: Module 'AndroidTargetPlatform' loaded TargetPlatform 'Android_Multi'
[2019.08.04-16.06.57:200][  0]LogTemp: Display: Module 'AndroidTargetPlatform' loaded TargetPlatform 'Android_MultiClient'
[2019.08.04-16.06.57:218][  0]LogTemp: Display: Module 'HTML5TargetPlatform' loaded TargetPlatform 'HTML5'
[2019.08.04-16.06.57:342][  0]LogTemp: Display: Module 'IOSTargetPlatform' loaded TargetPlatform 'IOSClient'
[2019.08.04-16.06.57:342][  0]LogTemp: Display: Module 'IOSTargetPlatform' loaded TargetPlatform 'IOS'
[2019.08.04-16.06.57:414][  0]LogTemp: Display: Module 'TVOSTargetPlatform' loaded TargetPlatform 'TVOSClient'
[2019.08.04-16.06.57:414][  0]LogTemp: Display: Module 'TVOSTargetPlatform' loaded TargetPlatform 'TVOS'
[2019.08.04-16.06.57:459][  0]LogTemp: Display: Module 'LinuxClientTargetPlatform' loaded TargetPlatform 'LinuxClient'
[2019.08.04-16.06.57:503][  0]LogTemp: Display: Module 'LinuxNoEditorTargetPlatform' loaded TargetPlatform 'LinuxNoEditor'
[2019.08.04-16.06.57:550][  0]LogTemp: Display: Module 'LinuxServerTargetPlatform' loaded TargetPlatform 'LinuxServer'
[2019.08.04-16.06.57:596][  0]LogTemp: Display: Module 'LinuxTargetPlatform' loaded TargetPlatform 'Linux'
[2019.08.04-16.06.57:702][  0]LogTemp: Display: Module 'LuminTargetPlatform' loaded TargetPlatform 'Lumin'
[2019.08.04-16.06.57:702][  0]LogTemp: Display: Module 'LuminTargetPlatform' loaded TargetPlatform 'LuminClient'
[2019.08.04-16.06.57:702][  0]LogTargetPlatformManager: Display: Building Assets For Windows
[2019.08.04-16.06.57:773][  0]LogAudioDebug: Display: Lib vorbis DLL was dynamically loaded.
[2019.08.04-16.06.58:239][  0]LogShaderCompilers: Guid format shader working directory is -17 characters bigger than the processId version (../../../../../../Users/Administrator/Documents/Unreal Projects/zhihui/Intermediate/Shaders/WorkingDirectory/12032/).
[2019.08.04-16.06.58:240][  0]LogShaderCompilers: Cleaned the shader compiler working directory 'C:/Users/Administrator/AppData/Local/Temp/UnrealShaderWorkingDir/64D73BE54EBD9B14D2CA08806E6106B0/'.
[2019.08.04-16.06.58:251][  0]LogXGEController: Cleaning working directory: C:/Users/Administrator/AppData/Local/Temp/UnrealXGEWorkingDir/
[2019.08.04-16.06.58:267][  0]LogShaderCompilers: Display: Using XGE Shader Compiler (Interception Interface).
[2019.08.04-16.06.59:330][  0]LogDerivedDataCache: Display: Max Cache Size: 512 MB
[2019.08.04-16.06.59:717][  0]LogDerivedDataCache: Loaded boot cache 0.39s 71MB C:/Users/Administrator/AppData/Local/UnrealEngine/4.22/DerivedDataCache/Boot.ddc.
[2019.08.04-16.06.59:717][  0]LogDerivedDataCache: Display: Loaded Boot cache: C:/Users/Administrator/AppData/Local/UnrealEngine/4.22/DerivedDataCache/Boot.ddc
[2019.08.04-16.06.59:718][  0]LogDerivedDataCache: FDerivedDataBackendGraph:  Pak pak cache file ../../../../../../Users/Administrator/Documents/Unreal Projects/zhihui/DerivedDataCache/DDC.ddp not found, will not use a pak cache.
[2019.08.04-16.06.59:718][  0]LogDerivedDataCache: Unable to find inner node Pak for hierarchical cache Hierarchy.
[2019.08.04-16.06.59:718][  0]LogDerivedDataCache: FDerivedDataBackendGraph:  CompressedPak pak cache file ../../../../../../Users/Administrator/Documents/Unreal Projects/zhihui/DerivedDataCache/Compressed.ddp not found, will not use a pak cache.
[2019.08.04-16.06.59:719][  0]LogDerivedDataCache: Unable to find inner node CompressedPak for hierarchical cache Hierarchy.
[2019.08.04-16.06.59:746][  0]LogDerivedDataCache: Display: Pak cache opened for reading ../../../Engine/DerivedDataCache/Compressed.ddp.
[2019.08.04-16.06.59:746][  0]LogDerivedDataCache: FDerivedDataBackendGraph:  EnterprisePak pak cache file ../../../Enterprise/DerivedDataCache/Compressed.ddp not found, will not use a pak cache.
[2019.08.04-16.06.59:746][  0]LogDerivedDataCache: Unable to find inner node EnterprisePak for hierarchical cache Hierarchy.
[2019.08.04-16.06.59:766][  0]LogDerivedDataCache: Using Local data cache path C:/Users/Administrator/AppData/Local/UnrealEngine/Common/DerivedDataCache: Writable
[2019.08.04-16.06.59:767][  0]LogDerivedDataCache: Shared data cache path not found in *engine.ini, will not use an Shared cache.
[2019.08.04-16.06.59:767][  0]LogDerivedDataCache: Unable to find inner node Shared for hierarchical cache Hierarchy.
[2019.08.04-16.06.59:813][  0]LogMaterial: Verifying Global Shaders for PCD3D_SM5
[2019.08.04-16.06.59:821][  0]LogSlate: Using FreeType 2.6.0
[2019.08.04-16.06.59:826][  0]LogSlate: SlateFontServices - WITH_FREETYPE: 1, WITH_HARFBUZZ: 1
[2019.08.04-16.07.00:138][  0]LogAssetRegistry: FAssetRegistry took 0.0540 seconds to start up
[2019.08.04-16.07.01:365][  0]LogInit: Selected Device Profile: [Windows]
[2019.08.04-16.07.01:925][  0]LogMeshReduction: Using QuadricMeshReduction for automatic static mesh reduction
[2019.08.04-16.07.01:926][  0]LogMeshReduction: Using SimplygonMeshReduction for automatic skeletal mesh reduction
[2019.08.04-16.07.01:926][  0]LogMeshReduction: Using ProxyLODMeshReduction for automatic mesh merging
[2019.08.04-16.07.01:926][  0]LogMeshReduction: No distributed automatic mesh merging module available
[2019.08.04-16.07.01:926][  0]LogMeshMerging: No distributed automatic mesh merging module available
[2019.08.04-16.07.01:988][  0]LogNetVersion: zhihui 1.0.0, NetCL: 5660361, EngineNetVer: 10, GameNetVer: 0 (Checksum: 1666584260)
[2019.08.04-16.07.03:877][  0]LogPackageLocalizationCache: Processed 10 localized package path(s) for 4 prioritized culture(s) in 0.590632 seconds
[2019.08.04-16.07.03:888][  0]LogUObjectArray: 42205 objects as part of root set at end of initial load.
[2019.08.04-16.07.03:888][  0]LogUObjectAllocator: 7325032 out of 0 bytes used by permanent object pool.
[2019.08.04-16.07.03:889][  0]LogUObjectArray: CloseDisregardForGC: 0/0 objects in disregard for GC pool
[2019.08.04-16.07.07:972][  0]LogTcpMessaging: Initializing TcpMessaging bridge
[2019.08.04-16.07.08:003][  0]LogUdpMessaging: Initializing bridge on interface 0.0.0.0:0 to multicast group 230.0.0.1:6666.
[2019.08.04-16.07.08:504][  0]SourceControl: 源码控制已禁用
[2019.08.04-16.07.08:505][  0]SourceControl: 源码控制已禁用
[2019.08.04-16.07.08:529][  0]SourceControl: 源码控制已禁用
[2019.08.04-16.07.08:548][  0]SourceControl: 源码控制已禁用
[2019.08.04-16.07.09:354][  0]LogAndroidPermission: UAndroidPermissionCallbackProxy::GetInstance
[2019.08.04-16.07.10:408][  0]LogOcInput: OculusInput pre-init called
[2019.08.04-16.07.12:485][  0]LogClass: Warning: FUPeopleRateAnalysis::analysisRatio is not initialized properly
[2019.08.04-16.07.12:485][  0]LogClass: Warning: FUExceptionRate::eventCount is not initialized properly
[2019.08.04-16.07.12:485][  0]LogClass: Warning: FUExceptionCount::eventCount is not initialized properly
[2019.08.04-16.07.12:486][  0]LogClass: Warning: FUExceptionHighFrequency::timeValue is not initialized properly
[2019.08.04-16.07.12:486][  0]LogClass: Warning: FUImportantAreaExceptionAnalysisZone::eventCount is not initialized properly
[2019.08.04-16.07.12:486][  0]LogClass: Warning: FUImportantAreaMonitorTime::eventCount is not initialized properly
[2019.08.04-16.07.12:486][  0]LogClass: Warning: FUEmotionAnalysisZone::emotionCount is not initialized properly
[2019.08.04-16.07.12:487][  0]LogClass: Warning: FUKeyToday::keyValue is not initialized properly
[2019.08.04-16.07.12:488][  0]LogClass: Display: 8 Uninitialized script stuct members found
[2019.08.04-16.07.12:493][  0]LogAutomationTest: Warning: FUPeopleRateAnalysis::analysisRatio is not initialized properly
[2019.08.04-16.07.12:493][  0]LogAutomationTest: Warning: FUExceptionRate::eventCount is not initialized properly
[2019.08.04-16.07.12:493][  0]LogAutomationTest: Warning: FUExceptionCount::eventCount is not initialized properly
[2019.08.04-16.07.12:494][  0]LogAutomationTest: Warning: FUExceptionHighFrequency::timeValue is not initialized properly
[2019.08.04-16.07.12:494][  0]LogAutomationTest: Warning: FUImportantAreaExceptionAnalysisZone::eventCount is not initialized properly
[2019.08.04-16.07.12:494][  0]LogAutomationTest: Warning: FUImportantAreaMonitorTime::eventCount is not initialized properly
[2019.08.04-16.07.12:494][  0]LogAutomationTest: Warning: FUEmotionAnalysisZone::emotionCount is not initialized properly
[2019.08.04-16.07.12:494][  0]LogAutomationTest: Warning: FUKeyToday::keyValue is not initialized properly
[2019.08.04-16.07.12:500][  0]LogEngine: Initializing Engine...
[2019.08.04-16.07.12:507][  0]LogHMD: Failed to initialize OpenVR with code 110
[2019.08.04-16.07.12:511][  0]LogStats: UGameplayTagsManager::InitializeManager -  0.002 s
[2019.08.04-16.07.12:951][  0]LogInit: Initializing FReadOnlyCVARCache
[2019.08.04-16.07.13:034][  0]LogAIModule: Creating AISystem for world Untitled
[2019.08.04-16.07.13:172][  0]LogInit: XAudio2 using '扬声器 (Realtek High Definition Audio)' : 2 channels at 48 kHz using 32 bits per sample (channel mask 0x3)
[2019.08.04-16.07.14:476][  0]LogInit: FAudioDevice initialized.
[2019.08.04-16.07.14:477][  0]LogNetVersion: Set ProjectVersion to 1.0.0.0. Version Checksum will be recalculated on next use.
[2019.08.04-16.07.14:611][  0]LogDerivedDataCache: Saved boot cache 0.13s 71MB C:/Users/Administrator/AppData/Local/UnrealEngine/4.22/DerivedDataCache/Boot.ddc.
[2019.08.04-16.07.14:624][  0]LogInit: Texture streaming: Enabled
[2019.08.04-16.07.14:752][  0]LogEngineSessionManager: EngineSessionManager initialized
[2019.08.04-16.07.14:847][  0]LogInit: Transaction tracking system initialized
[2019.08.04-16.07.15:031][  0]BlueprintLog: New page: 编辑器加载
[2019.08.04-16.07.15:651][  0]LocalizationService: 本地化服务已禁用
[2019.08.04-16.07.16:757][  0]LogFileCache: Scanning file cache for directory 'C:/Users/Administrator/Documents/Unreal Projects/zhihui/Content/' took 0.02s
[2019.08.04-16.07.16:757][  0]LogCook: Display: Max memory allowance for cook 16384mb min free memory 0mb
[2019.08.04-16.07.16:758][  0]LogCook: Display: Mobile HDR setting 1
[2019.08.04-16.07.17:810][  0]SourceControl: 源码控制已禁用
[2019.08.04-16.07.17:812][  0]Cmd: MAP LOAD FILE="../../../Engine/Content/Maps/Templates/Template_Default.umap" TEMPLATE=1 SHOWPROGRESS=1 FEATURELEVEL=3
[2019.08.04-16.07.17:816][  0]LightingResults: New page: 光照构建
[2019.08.04-16.07.17:831][  0]MapCheck: New page: 地图检测
[2019.08.04-16.07.17:832][  0]LightingResults: New page: 光照构建
[2019.08.04-16.07.17:876][  0]LogUObjectHash: Compacting FUObjectHashTables data took   3.09ms
[2019.08.04-16.07.18:193][  0]LogAIModule: Creating AISystem for world Untitled_1
[2019.08.04-16.07.18:235][  0]LogEditorServer: Finished looking for orphan Actors (0.000 secs)
[2019.08.04-16.07.18:283][  0]LogUObjectHash: Compacting FUObjectHashTables data took   3.41ms
[2019.08.04-16.07.18:284][  0]Cmd: MAP CHECKDEP NOCLEARLOG
[2019.08.04-16.07.18:286][  0]MapCheck: 地图检测完成：0个错误，0 个警告，用时1.697毫秒完成。
[2019.08.04-16.07.18:286][  0]LogFileHelpers: Loading map 'Template_Default' took 0.475
[2019.08.04-16.07.18:681][  0]LogSlate: Updating window title bar state: overlay mode, drag disabled, window buttons hidden, title bar hidden
[2019.08.04-16.07.18:712][  0]LogSlate: Updating window title bar state: overlay mode, drag disabled, window buttons hidden, title bar hidden
[2019.08.04-16.07.18:747][  0]LogSlate: Updating window title bar state: overlay mode, drag disabled, window buttons hidden, title bar hidden
[2019.08.04-16.07.18:774][  0]LogSlate: Updating window title bar state: overlay mode, drag disabled, window buttons hidden, title bar hidden
[2019.08.04-16.07.18:911][  0]LogSlate: Took 0.002219 seconds to synchronously load lazily loaded font '../../../Engine/Content/Slate/Fonts/Roboto-Regular.ttf' (155K)
[2019.08.04-16.07.18:936][  0]LogSlate: Took 0.020700 seconds to synchronously load lazily loaded font '../../../Engine/Content/Slate/Fonts/DroidSansFallback.ttf' (3848K)
[2019.08.04-16.07.18:939][  0]LogSlate: Took 0.001623 seconds to synchronously load lazily loaded font '../../../Engine/Content/Slate/Fonts/Roboto-Bold.ttf' (160K)
[2019.08.04-16.07.18:951][  0]LogSlate: Took 0.001448 seconds to synchronously load lazily loaded font '../../../Engine/Content/Editor/Slate/Fonts/FontAwesome.ttf' (139K)
[2019.08.04-16.07.18:953][  0]LogSlate: Took 0.001226 seconds to synchronously load lazily loaded font '../../../Engine/Content/Slate/Fonts/DroidSansMono.ttf' (77K)
[2019.08.04-16.07.19:295][  0]LogRenderer: Reallocating scene render targets to support 1208x572 Format 10 NumSamples 1 (Frame:1).
[2019.08.04-16.07.19:911][  0]LogLoad: (Engine Initialization) Total time: 41.83 seconds
[2019.08.04-16.07.19:911][  0]LogLoad: (Engine Initialization) Total Blueprint compile time: 0.00 seconds
[2019.08.04-16.07.19:933][  0]LogWindowsTextInputMethodSystem: Display: IME system now deactivated.
[2019.08.04-16.07.19:978][  0]LogAssetRegistry: Asset discovery search completed in 19.8668 seconds
[2019.08.04-16.07.20:018][  0]LogCollectionManager: Loaded 0 collections in 0.008609 seconds
[2019.08.04-16.07.20:067][  0]LogFileCache: Scanning file cache for directory 'C:/Users/Administrator/Documents/Unreal Projects/zhihui/Saved/Collections/' took 0.01s
[2019.08.04-16.07.20:068][  0]LogFileCache: Scanning file cache for directory 'C:/Users/Administrator/Documents/Unreal Projects/zhihui/Content/Developers/Administrator/Collections/' took 0.01s
[2019.08.04-16.07.20:069][  0]LogFileCache: Scanning file cache for directory 'C:/Users/Administrator/Documents/Unreal Projects/zhihui/Content/Collections/' took 0.01s
[2019.08.04-16.07.20:070][  0]LogCollectionManager: Rebuilt the object cache for 0 collections in 0.000000 seconds (found 0 objects)
[2019.08.04-16.07.20:070][  0]LogCollectionManager: Fixed up redirectors for 0 collections in 0.002766 seconds (updated 0 objects)
[2019.08.04-16.07.20:073][  0]LogContentStreaming: Texture pool size now 1000 MB
[2019.08.04-16.08.03:887][616]LogSlate: FSceneViewport::OnFocusLost() reason 2
[2019.08.04-16.08.05:310][694]LogSlate: Took 0.001569 seconds to synchronously load lazily loaded font '../../../Engine/Content/Slate/Fonts/Roboto-Light.ttf' (167K)
[2019.08.04-16.08.05:315][694]LogSlate: FSceneViewport::OnFocusLost() reason 2
[2019.08.04-16.08.05:440][694]LogContentBrowser: Native class hierarchy populated in 0.0269 seconds. Added 2738 classes and 663 folders.
[2019.08.04-16.08.05:468][694]LogSlate: FSceneViewport::OnFocusLost() reason 2
[2019.08.04-16.08.05:490][694]LogSlate: Took 0.001685 seconds to synchronously load lazily loaded font '../../../Engine/Content/Slate/Fonts/Roboto-BoldCondensed.ttf' (158K)
[2019.08.04-16.08.30:056][633]Candidate modules for hot reload:
[2019.08.04-16.08.30:065][633]  zhihui
[2019.08.04-16.08.30:076][633]Launching UnrealBuildTool... [C:/Program Files/Epic Games/UE_4.22/Engine/Binaries/DotNET/UnrealBuildTool.exe  -ModuleWithSuffix=zhihui,3727 Win64 Development -TargetType=Editor -Project="C:/Users/Administrator/Documents/Unreal Projects/zhihui/zhihui.uproject" "C:/Users/Administrator/Documents/Unreal Projects/zhihui/zhihui.uproject"  -IgnoreJunk]
[2019.08.04-16.09.45:695][633]CompilerResultsLog: New page: 编译- 2019年8月5日 上午8:09:45
[2019.08.04-16.09.45:696][633]CompilerResultsLog: Creating makefile for zhihuiEditor (ini files are newer than makefile)
[2019.08.04-16.09.45:697][633]CompilerResultsLog: Parsing headers for zhihuiEditor
[2019.08.04-16.09.45:697][633]CompilerResultsLog:   Running UnrealHeaderTool "C:\Users\Administrator\Documents\Unreal Projects\zhihui\zhihui.uproject" "C:\Users\Administrator\Documents\Unreal Projects\zhihui\Intermediate\Build\Win64\zhihuiEditor\Development\zhihuiEditor.uhtmanifest" -LogCmds="loginit warning, logexit warning, logdatabase error" -Unattended -WarningsAsErrors -installed
[2019.08.04-16.09.45:698][633]CompilerResultsLog: Reflection code generated for zhihuiEditor in 26.0936091 seconds
[2019.08.04-16.09.45:699][633]CompilerResultsLog: Failed to delete file 'C:\Users\Administrator\Documents\Unreal Projects\zhihui\Binaries\Win64\UE4Editor-zhihui.pdb'
[2019.08.04-16.09.45:700][633]CompilerResultsLog:     Exception: ??·????C:\Users\Administrator\Documents\Unreal Projects\zhihui\Binaries\Win64\UE4Editor-zhihui.pdb???ķ??ʱ??ܾ???
[2019.08.04-16.09.45:700][633]LogSlate: Warning: Legacy localized fallback font '../../../Engine/Content/Slate/Fonts/DroidSansFallback.ttf' was requested. Font: '../../../Engine/Content/Slate/Fonts/DroidSansFallback.ttf', Character: 'ܾ (U+073e)'
Legacy localized fallback fonts were deprecated in 4.22 and will be removed in a future version!
Please update your composite fonts to use localized sub-font families: https://docs.unrealengine.com/en-US/Engine/UMG/UserGuide/Fonts/Overview
[2019.08.04-16.09.45:701][633]LogSlate: Last resort fallback font was requested. Font: '../../../Engine/Content/Slate/Fonts/DroidSansFallback.ttf', Character: 'ܾ (U+073e)'
[2019.08.04-16.09.45:730][633]LogSlate: Took 0.024698 seconds to synchronously load lazily loaded font '../../../Engine/Content/SlateDebug/Fonts/LastResort.ttf' (5269K)
[2019.08.04-16.09.45:734][633]CompilerResultsLog: Attempting to retry...
[2019.08.04-16.09.45:736][633]CompilerResultsLog: Failed to delete file 'C:\Users\Administrator\Documents\Unreal Projects\zhihui\Binaries\Win64\UE4Editor-zhihui.pdb'
[2019.08.04-16.09.45:738][633]CompilerResultsLog:     Exception: ??·????C:\Users\Administrator\Documents\Unreal Projects\zhihui\Binaries\Win64\UE4Editor-zhihui.pdb???ķ??ʱ??ܾ???
[2019.08.04-16.09.45:740][633]CompilerResultsLog: Attempting to retry...
[2019.08.04-16.09.45:741][633]CompilerResultsLog: Failed to delete file 'C:\Users\Administrator\Documents\Unreal Projects\zhihui\Binaries\Win64\UE4Editor-zhihui.pdb'
[2019.08.04-16.09.45:742][633]CompilerResultsLog:     Exception: ??·????C:\Users\Administrator\Documents\Unreal Projects\zhihui\Binaries\Win64\UE4Editor-zhihui.pdb???ķ??ʱ??ܾ???
[2019.08.04-16.09.45:744][633]CompilerResultsLog: ERROR: Exhausted all retries!
[2019.08.04-16.09.45:747][633]CompilerResultsLog: Using Visual Studio 2019 14.22.27905 toolchain (C:\Program Files (x86)\Microsoft Visual Studio\2019\Community\VC\Tools\MSVC\14.22.27905) and Windows 10.0.18362.0 SDK (C:\Program Files (x86)\Windows Kits\10).
[2019.08.04-16.09.45:750][633]CompilerResultsLog: Distributing 6 actions to XGE
[2019.08.04-16.09.45:752][633]CompilerResultsLog: --------------------Build System Warning---------------------------------------
[2019.08.04-16.09.45:753][633]CompilerResultsLog: License is invalid:
[2019.08.04-16.09.45:754][633]CompilerResultsLog:     License information is invalid. Please try reloading your license file using the Coordinator Monitor application on the Coordinator machine, or reinstall IncrediBuild.
[2019.08.04-16.09.45:756][633]CompilerResultsLog:     This build will run in standalone mode.
[2019.08.04-16.09.45:756][633]CompilerResultsLog: 
[2019.08.04-16.09.45:757][633]CompilerResultsLog: -------------------------------------------------------------------------------
[2019.08.04-16.09.45:758][633]CompilerResultsLog: --------------------Project: Default-------------------------------------------
[2019.08.04-16.09.45:759][633]CompilerResultsLog: zhihui.init.gen.cpp (0:10.98 at +0:00)
[2019.08.04-16.09.45:760][633]CompilerResultsLog: YanghuAPI.gen.cpp (0:07.11 at +0:11)
[2019.08.04-16.09.45:761][633]CompilerResultsLog: YanghuAPI.cpp (0:03.60 at +0:18)
[2019.08.04-16.09.45:762][633]CompilerResultsLog: UE4Editor-zhihui-3727.dll (0:02.57 at +0:21)
[2019.08.04-16.09.45:764][633]CompilerResultsLog:   ???ڴ????? C:\Users\Administrator\Documents\Unreal Projects\zhihui\Intermediate\Build\Win64\UE4Editor\Development\zhihui\UE4Editor-zhihui-3727.suppressed.lib ?Ͷ??? C:\Users\Administrator\Documents\Unreal Projects\zhihui\Intermediate\Build\Win64\UE4Editor\Development\zhihui\UE4Editor-zhihui-3727.suppressed.exp
[2019.08.04-16.09.45:767][633]LogSlate: Took 0.001711 seconds to synchronously load lazily loaded font '../../../Engine/Content/Slate/Fonts/NotoNaskhArabicUI-Regular.ttf' (144K)
[2019.08.04-16.09.45:774][633]CompilerResultsLog: UE4Editor-zhihui-3727.lib (0:01.04 at +0:24)
[2019.08.04-16.09.45:774][633]CompilerResultsLog:   ???ڴ????? C:\Users\Administrator\Documents\Unreal Projects\zhihui\Intermediate\Build\Win64\UE4Editor\Development\zhihui\UE4Editor-zhihui-3727.lib ?Ͷ??? C:\Users\Administrator\Documents\Unreal Projects\zhihui\Intermediate\Build\Win64\UE4Editor\Development\zhihui\UE4Editor-zhihui-3727.exp
[2019.08.04-16.09.45:775][633]CompilerResultsLog: zhihuiEditor.target (0:00.96 at +0:25)
[2019.08.04-16.09.45:776][633]CompilerResultsLog: ---------------------- Done ----------------------
[2019.08.04-16.09.45:777][633]CompilerResultsLog: 
[2019.08.04-16.09.45:778][633]CompilerResultsLog:     Rebuild All: 1 succeeded, 0 failed, 0 skipped
[2019.08.04-16.09.45:779][633]CompilerResultsLog: 
[2019.08.04-16.09.45:780][633]CompilerResultsLog: 1 build system warning(s):
[2019.08.04-16.09.45:781][633]CompilerResultsLog:    - License is invalid
[2019.08.04-16.09.45:782][633]CompilerResultsLog: 
[2019.08.04-16.09.45:783][633]CompilerResultsLog: Total time in XGE executor: 32.53 seconds
[2019.08.04-16.09.45:783][633]CompilerResultsLog: Total execution time: 74.64 seconds
[2019.08.04-16.09.45:784][633]LogMainFrame: MainFrame: Module compiling took 75.739 seconds
[2019.08.04-16.09.45:827][633]LogUObjectHash: Compacting FUObjectHashTables data took   1.43ms
[2019.08.04-16.09.45:869][633]LogClass: Could not find existing class YanghuAPI in package /Script/zhihui for HotReload, assuming new class
[2019.08.04-16.09.45:872][633]LogClass: UPeopleRateAnalysis HotReload.
[2019.08.04-16.09.45:872][633]LogClass: UPeopleRate HotReload.
[2019.08.04-16.09.45:873][633]LogClass: UPeopleNumber HotReload.
[2019.08.04-16.09.45:874][633]LogClass: UExceptionRate HotReload.
[2019.08.04-16.09.45:875][633]LogClass: UExceptionCount HotReload.
[2019.08.04-16.09.45:875][633]LogClass: UExceptionHighFrequency HotReload.
[2019.08.04-16.09.45:876][633]LogClass: UImportantAreaExceptionAnalysisZone HotReload.
[2019.08.04-16.09.45:878][633]LogClass: UImportantAreaExceptionAnalysis HotReload.
[2019.08.04-16.09.45:879][633]LogClass: UImportantAreaMonitorTime HotReload.
[2019.08.04-16.09.45:879][633]LogClass: UImportantAreaMonitor HotReload.
[2019.08.04-16.09.45:880][633]LogClass: UEmotionAnalysisZone HotReload.
[2019.08.04-16.09.45:880][633]LogClass: UEmotionAnalysis HotReload.
[2019.08.04-16.09.45:881][633]LogClass: UKeyToday HotReload.
[2019.08.04-16.09.45:887][633]LogContentBrowser: Native class hierarchy updated for 'zhihui' in 0.0018 seconds. Added 6 classes and 2 folders.
[2019.08.04-16.09.45:892][633]Display: HotReload successful (0 functions remapped  13 scriptstructs remapped)
[2019.08.04-16.09.46:096][633]LogUObjectHash: Compacting FUObjectHashTables data took   3.89ms
[2019.08.04-16.09.46:121][633]LogContentBrowser: Native class hierarchy populated in 0.0242 seconds. Added 2739 classes and 663 folders.
[2019.08.04-16.09.46:139][633]Display: HotReload took 80.9s.
[2019.08.04-16.09.46:142][633]Warning: HotReload operation took 80.9s.
[2019.08.04-16.09.49:429][633]LogVSAccessor: Warning: Couldn't goto line number '1' in 'C:/Users/Administrator/Documents/Unreal Projects/zhihui/Source/zhihui/YanghuAPI.cpp'
[2019.08.04-16.09.49:505][633]LogCollectionManager: Rebuilt the GUID cache for 0 collections in 0.000000 seconds
[2019.08.04-16.09.49:776][633]LogContentBrowser: Native class hierarchy updated for 'WidgetCarousel' in 0.0074 seconds. Added 0 classes and 0 folders.
[2019.08.04-16.09.49:805][633]LogPakFile: Registered encryption key '00000000000000000000000000000000': 0 pak files mounted, 0 remain pending
[2019.08.04-16.09.49:819][633]LogPakFile: Registered encryption key '00000000000000000000000000000000': 0 pak files mounted, 0 remain pending
[2019.08.04-16.09.49:825][633]LogPakFile: Registered encryption key '00000000000000000000000000000000': 0 pak files mounted, 0 remain pending
[2019.08.04-16.09.49:833][633]LogPakFile: Registered encryption key '00000000000000000000000000000000': 0 pak files mounted, 0 remain pending
[2019.08.04-16.09.49:840][633]LogPakFile: Registered encryption key '00000000000000000000000000000000': 0 pak files mounted, 0 remain pending
[2019.08.04-16.09.49:847][633]LogPakFile: Registered encryption key '00000000000000000000000000000000': 0 pak files mounted, 0 remain pending
[2019.08.04-16.09.49:855][633]LogPakFile: Registered encryption key '00000000000000000000000000000000': 0 pak files mounted, 0 remain pending
[2019.08.04-16.09.49:861][633]LogPakFile: Registered encryption key '00000000000000000000000000000000': 0 pak files mounted, 0 remain pending
[2019.08.04-16.09.49:867][633]LogPakFile: Registered encryption key '00000000000000000000000000000000': 0 pak files mounted, 0 remain pending
[2019.08.04-16.09.49:873][633]LogPakFile: Registered encryption key '00000000000000000000000000000000': 0 pak files mounted, 0 remain pending
[2019.08.04-16.09.49:880][633]LogPakFile: Registered encryption key '00000000000000000000000000000000': 0 pak files mounted, 0 remain pending
[2019.08.04-16.09.49:888][633]LogPakFile: Registered encryption key '00000000000000000000000000000000': 0 pak files mounted, 0 remain pending
[2019.08.04-16.09.49:895][633]LogPakFile: Registered encryption key '00000000000000000000000000000000': 0 pak files mounted, 0 remain pending
[2019.08.04-16.09.49:902][633]LogPakFile: Registered encryption key '00000000000000000000000000000000': 0 pak files mounted, 0 remain pending
[2019.08.04-16.09.49:909][633]LogPakFile: Registered encryption key '00000000000000000000000000000000': 0 pak files mounted, 0 remain pending
[2019.08.04-16.09.49:915][633]LogPakFile: Registered encryption key '00000000000000000000000000000000': 0 pak files mounted, 0 remain pending
[2019.08.04-16.09.49:924][633]LogPakFile: Registered encryption key '00000000000000000000000000000000': 0 pak files mounted, 0 remain pending
[2019.08.04-16.09.49:933][633]LogPakFile: Registered encryption key '00000000000000000000000000000000': 0 pak files mounted, 0 remain pending
[2019.08.04-16.09.49:939][633]LogPakFile: Registered encryption key '00000000000000000000000000000000': 0 pak files mounted, 0 remain pending
[2019.08.04-16.09.49:945][633]LogPakFile: Registered encryption key '00000000000000000000000000000000': 0 pak files mounted, 0 remain pending
[2019.08.04-16.09.49:951][633]LogPakFile: Registered encryption key '00000000000000000000000000000000': 0 pak files mounted, 0 remain pending
[2019.08.04-16.09.49:957][633]LogPakFile: Registered encryption key '00000000000000000000000000000000': 0 pak files mounted, 0 remain pending
[2019.08.04-16.09.49:963][633]LogPakFile: Registered encryption key '00000000000000000000000000000000': 0 pak files mounted, 0 remain pending
[2019.08.04-16.09.49:968][633]LogPakFile: Registered encryption key '00000000000000000000000000000000': 0 pak files mounted, 0 remain pending
[2019.08.04-16.09.49:974][633]LogPakFile: Registered encryption key '00000000000000000000000000000000': 0 pak files mounted, 0 remain pending
[2019.08.04-16.09.49:979][633]LogPakFile: Registered encryption key '00000000000000000000000000000000': 0 pak files mounted, 0 remain pending
[2019.08.04-16.09.50:460][633]LogContentBrowser: Native class hierarchy updated for 'AddContentDialog' in 0.0020 seconds. Added 0 classes and 0 folders.
[2019.08.04-16.09.50:473][633]LogSlate: Window '添加C++类' being destroyed
[2019.08.04-16.09.50:497][633]LogHotReload: New module detected: UE4Editor-zhihui-3727.dll
[2019.08.04-16.09.50:534][633]LogSlate: Took 0.000794 seconds to synchronously load lazily loaded font '../../../Engine/Content/Slate/Fonts/Roboto-Light.ttf' (167K)
[2019.08.04-16.09.50:735][634]LogHotReload: Starting Hot-Reload from IDE
[2019.08.04-16.09.50:824][634]LogUObjectHash: Compacting FUObjectHashTables data took   1.41ms
[2019.08.04-16.09.50:846][634]LogContentBrowser: Native class hierarchy updated for 'zhihui' in 0.0070 seconds. Added 6 classes and 2 folders.
[2019.08.04-16.09.50:856][634]Display: HotReload successful (0 functions remapped  13 scriptstructs remapped)
[2019.08.04-16.09.50:902][634]LogUObjectHash: Compacting FUObjectHashTables data took   1.07ms
[2019.08.04-16.09.50:929][634]LogContentBrowser: Native class hierarchy populated in 0.0257 seconds. Added 2739 classes and 663 folders.
[2019.08.04-16.09.50:945][634]Display: HotReload took  0.2s.
[2019.08.04-16.10.20:200][721]LogUnrealEdMisc: Warning: Heartbeat event firing too frequently (29.244 sec). This should never happen. Something is wrong with the timer delegate!
