Log file open, 08/09/19 22:43:45
LogWindows: Failed to load 'aqProf.dll' (GetLastError=126)
LogWindows: File 'aqProf.dll' does not exist
LogWindows: Failed to load 'VtuneApi.dll' (GetLastError=126)
LogWindows: File 'VtuneApi.dll' does not exist
LogWindows: Failed to load 'VtuneApi32e.dll' (GetLastError=126)
LogWindows: File 'VtuneApi32e.dll' does not exist
LogConsoleResponse: Display: Failed to find resolution value strings in scalability ini. Falling back to default.
LogInit: Display: Running engine for game: zhihui
LogPakFile: Registered encryption key '00000000000000000000000000000000': 0 pak files mounted, 0 remain pending
LogPlatformFile: Not using cached read wrapper
LogTaskGraph: Started task graph with 5 named threads and 23 total threads with 3 sets of task threads.
LogStats: Stats thread started at 0.865013
LogD3D11RHI: Loaded GFSDK_Aftermath_Lib.x64.dll
LogICUInternationalization: ICU TimeZone Detection - Raw Offset: +8:00, Platform Override: ''
LogPluginManager: Mounting plugin Paper2D
LogPluginManager: Mounting plugin AISupport
LogPluginManager: Mounting plugin LightPropagationVolume
LogPluginManager: Mounting plugin ActorLayerUtilities
LogPluginManager: Mounting plugin AnimationSharing
LogPluginManager: Mounting plugin CLionSourceCodeAccess
LogPluginManager: Mounting plugin CodeLiteSourceCodeAccess
LogPluginManager: Mounting plugin GitSourceControl
LogPluginManager: Mounting plugin KDevelopSourceCodeAccess
LogPluginManager: Mounting plugin NullSourceCodeAccess
LogPluginManager: Mounting plugin PerforceSourceControl
LogPluginManager: Mounting plugin SubversionSourceControl
LogPluginManager: Mounting plugin UObjectPlugin
LogPluginManager: Mounting plugin VisualStudioCodeSourceCodeAccess
LogPluginManager: Mounting plugin VisualStudioSourceCodeAccess
LogPluginManager: Mounting plugin XCodeSourceCodeAccess
LogPluginManager: Mounting plugin AssetManagerEditor
LogPluginManager: Mounting plugin CryptoKeys
LogPluginManager: Mounting plugin DataValidation
LogPluginManager: Mounting plugin FacialAnimation
LogPluginManager: Mounting plugin GameplayTagsEditor
LogPluginManager: Mounting plugin MacGraphicsSwitching
LogPluginManager: Mounting plugin MaterialAnalyzer
LogPluginManager: Mounting plugin MobileLauncherProfileWizard
LogPluginManager: Mounting plugin PluginBrowser
LogPluginManager: Mounting plugin SpeedTreeImporter
LogPluginManager: Mounting plugin DatasmithContent
LogPluginManager: Mounting plugin VariantManagerContent
LogPluginManager: Mounting plugin AlembicImporter
LogPluginManager: Mounting plugin AppleImageUtils
LogPluginManager: Mounting plugin AppleVision
LogPluginManager: Mounting plugin BackChannel
LogPluginManager: Mounting plugin CharacterAI
LogPluginManager: Mounting plugin GeometryCache
LogPluginManager: Mounting plugin HTML5Networking
LogPluginManager: Mounting plugin ProxyLODPlugin
LogPluginManager: Mounting plugin SkeletalReduction
LogPluginManager: Mounting plugin MagicLeap
LogPluginManager: Mounting plugin MagicLeapMedia
LogPluginManager: Mounting plugin AndroidMedia
LogPluginManager: Mounting plugin AvfMedia
LogPluginManager: Mounting plugin ImgMedia
LogPluginManager: Mounting plugin LinearTimecode
LogPluginManager: Mounting plugin MediaCompositing
LogPluginManager: Mounting plugin MediaPlayerEditor
LogPluginManager: Mounting plugin WebMMedia
LogPluginManager: Mounting plugin WmfMedia
LogPluginManager: Mounting plugin TcpMessaging
LogPluginManager: Mounting plugin UdpMessaging
LogPluginManager: Mounting plugin ActorSequence
LogPluginManager: Mounting plugin LevelSequenceEditor
LogPluginManager: Mounting plugin MatineeToLevelSequence
LogPluginManager: Mounting plugin NetcodeUnitTest
LogPluginManager: Mounting plugin NUTUnrealEngine4
LogPluginManager: Mounting plugin OnlineSubsystemGooglePlay
LogPluginManager: Mounting plugin OnlineSubsystemIOS
LogPluginManager: Mounting plugin OnlineSubsystem
LogPluginManager: Mounting plugin OnlineSubsystemNull
LogPluginManager: Mounting plugin OnlineSubsystemUtils
LogPluginManager: Mounting plugin LauncherChunkInstaller
LogPluginManager: Mounting plugin AndroidDeviceProfileSelector
LogPluginManager: Mounting plugin AndroidMoviePlayer
LogPluginManager: Mounting plugin AndroidPermission
LogPluginManager: Mounting plugin AppleMoviePlayer
LogPluginManager: Mounting plugin ArchVisCharacter
LogPluginManager: Mounting plugin AudioCapture
LogPluginManager: Mounting plugin CableComponent
LogPluginManager: Mounting plugin CustomMeshComponent
LogPluginManager: Mounting plugin EditableMesh
LogPluginManager: Mounting plugin ExampleDeviceProfileSelector
LogPluginManager: Mounting plugin Firebase
LogPluginManager: Mounting plugin GoogleCloudMessaging
LogPluginManager: Mounting plugin IOSDeviceProfileSelector
LogPluginManager: Mounting plugin LinuxDeviceProfileSelector
LogPluginManager: Mounting plugin LocationServicesBPLibrary
LogPluginManager: Mounting plugin MobilePatchingUtils
LogPluginManager: Mounting plugin OculusVR
LogPluginManager: Mounting plugin PhysXVehicles
LogPluginManager: Mounting plugin ProceduralMeshComponent
LogPluginManager: Mounting plugin RuntimePhysXCooking
LogPluginManager: Mounting plugin SignificanceManager
LogPluginManager: Mounting plugin SteamVR
LogPluginManager: Mounting plugin WebMMoviePlayer
LogPluginManager: Mounting plugin WindowsMoviePlayer
LogInit: Using libcurl 7.55.1-DEV
LogInit:  - built for x86_64-pc-win32
LogInit:  - supports SSL with OpenSSL/1.1.1
LogInit:  - supports HTTP deflate (compression) using libz 1.2.8
LogInit:  - other features:
LogInit:      CURL_VERSION_SSL
LogInit:      CURL_VERSION_LIBZ
LogInit:      CURL_VERSION_IPV6
LogInit:      CURL_VERSION_ASYNCHDNS
LogInit:      CURL_VERSION_LARGEFILE
LogInit:      CURL_VERSION_IDN
LogInit:  CurlRequestOptions (configurable via config and command line):
LogInit:  - bVerifyPeer = true  - Libcurl will verify peer certificate
LogInit:  - bUseHttpProxy = false  - Libcurl will NOT use HTTP proxy
LogInit:  - bDontReuseConnections = false  - Libcurl will reuse connections
LogInit:  - MaxHostConnections = 16  - Libcurl will limit the number of connections to a host
LogInit:  - LocalHostAddr = Default
LogInit:  - BufferSize = 65536
LogInit: WinSock: version 1.1 (2.2), MaxSocks=32767, MaxUdp=65467
LogInit: Build: ++UE4+Release-4.22-CL-7053642
LogInit: Engine Version: 4.22.3-7053642+++UE4+Release-4.22
LogInit: Compatible Engine Version: 4.22.0-5660361+++UE4+Release-4.22
LogInit: Net CL: 5660361
LogInit: OS: Windows 10 (Release 1803) (), CPU: Intel(R) Core(TM) i7-4700MQ CPU @ 2.40GHz, GPU: Intel(R) HD Graphics 4600
LogInit: Compiled (64-bit): Jun 18 2019 03:09:11
LogInit: Compiled with Visual C++: 19.16.27025.01
LogInit: Build Configuration: Development
LogInit: Branch Name: ++UE4+Release-4.22
LogInit: Command Line:  -skipcompile
LogInit: Base Directory: C:/Program Files/Epic Games/UE_4.22/Engine/Binaries/Win64/
LogInit: Installed Engine Build: 1
LogDevObjectVersion: Number of dev versions registered: 23
LogDevObjectVersion:   Dev-Blueprints (B0D832E4-1F89-4F0D-ACCF-7EB736FD4AA2): 10
LogDevObjectVersion:   Dev-Build (E1C64328-A22C-4D53-A36C-8E866417BD8C): 0
LogDevObjectVersion:   Dev-Core (375EC13C-06E4-48FB-B500-84F0262A717E): 3
LogDevObjectVersion:   Dev-Editor (E4B068ED-F494-42E9-A231-DA0B2E46BB41): 30
LogDevObjectVersion:   Dev-Framework (CFFC743F-43B0-4480-9391-14DF171D2073): 35
LogDevObjectVersion:   Dev-Mobile (B02B49B5-BB20-44E9-A304-32B752E40360): 2
LogDevObjectVersion:   Dev-Networking (A4E4105C-59A1-49B5-A7C5-40C4547EDFEE): 0
LogDevObjectVersion:   Dev-Online (39C831C9-5AE6-47DC-9A44-9C173E1C8E7C): 0
LogDevObjectVersion:   Dev-Physics (78F01B33-EBEA-4F98-B9B4-84EACCB95AA2): 0
LogDevObjectVersion:   Dev-Platform (6631380F-2D4D-43E0-8009-CF276956A95A): 0
LogDevObjectVersion:   Dev-Rendering (12F88B9F-8875-4AFC-A67C-D90C383ABD29): 28
LogDevObjectVersion:   Dev-Sequencer (7B5AE74C-D270-4C10-A958-57980B212A5A): 11
LogDevObjectVersion:   Dev-VR (D7296918-1DD6-4BDD-9DE2-64A83CC13884): 2
LogDevObjectVersion:   Dev-LoadTimes (C2A15278-BFE7-4AFE-6C17-90FF531DF755): 1
LogDevObjectVersion:   Private-Geometry (6EACA3D4-40EC-4CC1-B786-8BED09428FC5): 3
LogDevObjectVersion:   Dev-AnimPhys (29E575DD-E0A3-4627-9D10-D276232CDCEA): 17
LogDevObjectVersion:   Dev-Anim (AF43A65D-7FD3-4947-9873-3E8ED9C1BB05): 2
LogDevObjectVersion:   Dev-ReflectionCapture (6B266CEC-1EC7-4B8F-A30B-E4D90942FC07): 1
LogDevObjectVersion:   Dev-Automation (0DF73D61-A23F-47EA-B727-89E90C41499A): 1
LogDevObjectVersion:   FortniteMain (601D1886-AC64-4F84-AA16-D3DE0DEAC7D6): 25
LogDevObjectVersion:   Dev-Enterprise (9DFFBCD6-494F-0158-E221-12823C92A888): 6
LogDevObjectVersion:   Dev-Niagara (F2AED0AC-9AFE-416F-8664-AA7FFA26D6FC): 1
LogDevObjectVersion:   Dev-Destruction (174F1F0B-B4C6-45A5-B13F-2EE8D0FB917D): 2
LogInit: Presizing for max 16777216 objects, including 0 objects not considered by GC, pre-allocating 0 bytes for permanent pool.
LogInit: Object subsystem initialized
LogConfig: Setting CVar [[con.DebugEarlyDefault:1]]
LogConfig: Setting CVar [[r.setres:1280x720]]
[2019.08.09-14.43.46:853][  0]LogConfig: Setting CVar [[r.VSync:0]]
[2019.08.09-14.43.46:853][  0]LogConfig: Setting CVar [[r.RHICmdBypass:0]]
[2019.08.09-14.43.46:853][  0]LogConfig: Applying CVar settings from Section [/Script/Engine.RendererSettings] File [C:/Users/Administrator/Documents/Unreal Projects/zhihui/Saved/Config/Windows/Engine.ini]
[2019.08.09-14.43.46:853][  0]LogConfig: Setting CVar [[r.GPUCrashDebugging:0]]
[2019.08.09-14.43.46:853][  0]LogConfig: Setting CVar [[r.DefaultFeature.AutoExposure.ExtendDefaultLuminanceRange:1]]
[2019.08.09-14.43.46:853][  0]LogConfig: Applying CVar settings from Section [/Script/Engine.RendererOverrideSettings] File [C:/Users/Administrator/Documents/Unreal Projects/zhihui/Saved/Config/Windows/Engine.ini]
[2019.08.09-14.43.46:853][  0]LogConfig: Applying CVar settings from Section [/Script/Engine.StreamingSettings] File [C:/Users/Administrator/Documents/Unreal Projects/zhihui/Saved/Config/Windows/Engine.ini]
[2019.08.09-14.43.46:853][  0]LogConfig: Setting CVar [[s.MinBulkDataSizeForAsyncLoading:131072]]
[2019.08.09-14.43.46:853][  0]LogConfig: Setting CVar [[s.AsyncLoadingThreadEnabled:0]]
[2019.08.09-14.43.46:854][  0]LogConfig: Setting CVar [[s.EventDrivenLoaderEnabled:1]]
[2019.08.09-14.43.46:854][  0]LogConfig: Setting CVar [[s.WarnIfTimeLimitExceeded:0]]
[2019.08.09-14.43.46:854][  0]LogConfig: Setting CVar [[s.TimeLimitExceededMultiplier:1.5]]
[2019.08.09-14.43.46:854][  0]LogConfig: Setting CVar [[s.TimeLimitExceededMinTime:0.005]]
[2019.08.09-14.43.46:854][  0]LogConfig: Setting CVar [[s.UseBackgroundLevelStreaming:1]]
[2019.08.09-14.43.46:854][  0]LogConfig: Setting CVar [[s.PriorityAsyncLoadingExtraTime:15.0]]
[2019.08.09-14.43.46:854][  0]LogConfig: Setting CVar [[s.LevelStreamingActorsUpdateTimeLimit:5.0]]
[2019.08.09-14.43.46:854][  0]LogConfig: Setting CVar [[s.PriorityLevelStreamingActorsUpdateExtraTime:5.0]]
[2019.08.09-14.43.46:854][  0]LogConfig: Setting CVar [[s.LevelStreamingComponentsRegistrationGranularity:10]]
[2019.08.09-14.43.46:854][  0]LogConfig: Setting CVar [[s.UnregisterComponentsTimeLimit:1.0]]
[2019.08.09-14.43.46:854][  0]LogConfig: Setting CVar [[s.LevelStreamingComponentsUnregistrationGranularity:5]]
[2019.08.09-14.43.46:854][  0]LogConfig: Applying CVar settings from Section [/Script/Engine.GarbageCollectionSettings] File [C:/Users/Administrator/Documents/Unreal Projects/zhihui/Saved/Config/Windows/Engine.ini]
[2019.08.09-14.43.46:854][  0]LogConfig: Setting CVar [[gc.MaxObjectsNotConsideredByGC:1]]
[2019.08.09-14.43.46:854][  0]LogConfig: Setting CVar [[gc.SizeOfPermanentObjectPool:0]]
[2019.08.09-14.43.46:855][  0]LogConfig: Setting CVar [[gc.FlushStreamingOnGC:0]]
[2019.08.09-14.43.46:855][  0]LogConfig: Setting CVar [[gc.NumRetriesBeforeForcingGC:10]]
[2019.08.09-14.43.46:855][  0]LogConfig: Setting CVar [[gc.AllowParallelGC:1]]
[2019.08.09-14.43.46:855][  0]LogConfig: Setting CVar [[gc.TimeBetweenPurgingPendingKillObjects:61.1]]
[2019.08.09-14.43.46:855][  0]LogConfig: Setting CVar [[gc.MaxObjectsInEditor:16777216]]
[2019.08.09-14.43.46:855][  0]LogConfig: Setting CVar [[gc.IncrementalBeginDestroyEnabled:1]]
[2019.08.09-14.43.46:855][  0]LogConfig: Setting CVar [[gc.CreateGCClusters:1]]
[2019.08.09-14.43.46:855][  0]LogConfig: Setting CVar [[gc.MinGCClusterSize:5]]
[2019.08.09-14.43.46:855][  0]LogConfig: Setting CVar [[gc.ActorClusteringEnabled:0]]
[2019.08.09-14.43.46:855][  0]LogConfig: Setting CVar [[gc.BlueprintClusteringEnabled:0]]
[2019.08.09-14.43.46:855][  0]LogConfig: Setting CVar [[gc.UseDisregardForGCOnDedicatedServers:0]]
[2019.08.09-14.43.46:855][  0]LogConfig: Applying CVar settings from Section [/Script/Engine.NetworkSettings] File [C:/Users/Administrator/Documents/Unreal Projects/zhihui/Saved/Config/Windows/Engine.ini]
[2019.08.09-14.43.46:855][  0]LogConfig: Applying CVar settings from Section [/Script/UnrealEd.CookerSettings] File [C:/Users/Administrator/Documents/Unreal Projects/zhihui/Saved/Config/Windows/Engine.ini]
[2019.08.09-14.43.46:875][  0]LogConfig: Applying CVar settings from Section [ViewDistanceQuality@3] File [C:/Users/Administrator/Documents/Unreal Projects/zhihui/Saved/Config/Windows/Scalability.ini]
[2019.08.09-14.43.46:875][  0]LogConfig: Setting CVar [[r.SkeletalMeshLODBias:0]]
[2019.08.09-14.43.46:875][  0]LogConfig: Setting CVar [[r.ViewDistanceScale:1.0]]
[2019.08.09-14.43.46:875][  0]LogConfig: Applying CVar settings from Section [AntiAliasingQuality@3] File [C:/Users/Administrator/Documents/Unreal Projects/zhihui/Saved/Config/Windows/Scalability.ini]
[2019.08.09-14.43.46:875][  0]LogConfig: Setting CVar [[r.PostProcessAAQuality:4]]
[2019.08.09-14.43.46:875][  0]LogConfig: Applying CVar settings from Section [ShadowQuality@3] File [C:/Users/Administrator/Documents/Unreal Projects/zhihui/Saved/Config/Windows/Scalability.ini]
[2019.08.09-14.43.46:875][  0]LogConfig: Setting CVar [[r.LightFunctionQuality:1]]
[2019.08.09-14.43.46:875][  0]LogConfig: Setting CVar [[r.ShadowQuality:5]]
[2019.08.09-14.43.46:875][  0]LogConfig: Setting CVar [[r.Shadow.CSM.MaxCascades:10]]
[2019.08.09-14.43.46:875][  0]LogConfig: Setting CVar [[r.Shadow.MaxResolution:2048]]
[2019.08.09-14.43.46:875][  0]LogConfig: Setting CVar [[r.Shadow.MaxCSMResolution:2048]]
[2019.08.09-14.43.46:876][  0]LogConfig: Setting CVar [[r.Shadow.RadiusThreshold:0.01]]
[2019.08.09-14.43.46:876][  0]LogConfig: Setting CVar [[r.Shadow.DistanceScale:1.0]]
[2019.08.09-14.43.46:876][  0]LogConfig: Setting CVar [[r.Shadow.CSM.TransitionScale:1.0]]
[2019.08.09-14.43.46:876][  0]LogConfig: Setting CVar [[r.Shadow.PreShadowResolutionFactor:1.0]]
[2019.08.09-14.43.46:876][  0]LogConfig: Setting CVar [[r.DistanceFieldShadowing:1]]
[2019.08.09-14.43.46:876][  0]LogConfig: Setting CVar [[r.DistanceFieldAO:1]]
[2019.08.09-14.43.46:876][  0]LogConfig: Setting CVar [[r.AOQuality:2]]
[2019.08.09-14.43.46:876][  0]LogConfig: Setting CVar [[r.VolumetricFog:1]]
[2019.08.09-14.43.46:876][  0]LogConfig: Setting CVar [[r.VolumetricFog.GridPixelSize:8]]
[2019.08.09-14.43.46:876][  0]LogConfig: Setting CVar [[r.VolumetricFog.GridSizeZ:128]]
[2019.08.09-14.43.46:876][  0]LogConfig: Setting CVar [[r.VolumetricFog.HistoryMissSupersampleCount:4]]
[2019.08.09-14.43.46:876][  0]LogConfig: Setting CVar [[r.LightMaxDrawDistanceScale:1]]
[2019.08.09-14.43.46:876][  0]LogConfig: Setting CVar [[r.CapsuleShadows:1]]
[2019.08.09-14.43.46:876][  0]LogConfig: Applying CVar settings from Section [PostProcessQuality@3] File [C:/Users/Administrator/Documents/Unreal Projects/zhihui/Saved/Config/Windows/Scalability.ini]
[2019.08.09-14.43.46:876][  0]LogConfig: Setting CVar [[r.MotionBlurQuality:4]]
[2019.08.09-14.43.46:876][  0]LogConfig: Setting CVar [[r.AmbientOcclusionMipLevelFactor:0.4]]
[2019.08.09-14.43.46:877][  0]LogConfig: Setting CVar [[r.AmbientOcclusionMaxQuality:100]]
[2019.08.09-14.43.46:877][  0]LogConfig: Setting CVar [[r.AmbientOcclusionLevels:-1]]
[2019.08.09-14.43.46:877][  0]LogConfig: Setting CVar [[r.AmbientOcclusionRadiusScale:1.0]]
[2019.08.09-14.43.46:877][  0]LogConfig: Setting CVar [[r.DepthOfFieldQuality:2]]
[2019.08.09-14.43.46:877][  0]LogConfig: Setting CVar [[r.RenderTargetPoolMin:400]]
[2019.08.09-14.43.46:877][  0]LogConfig: Setting CVar [[r.LensFlareQuality:2]]
[2019.08.09-14.43.46:877][  0]LogConfig: Setting CVar [[r.SceneColorFringeQuality:1]]
[2019.08.09-14.43.46:877][  0]LogConfig: Setting CVar [[r.EyeAdaptationQuality:2]]
[2019.08.09-14.43.46:877][  0]LogConfig: Setting CVar [[r.BloomQuality:5]]
[2019.08.09-14.43.46:877][  0]LogConfig: Setting CVar [[r.FastBlurThreshold:100]]
[2019.08.09-14.43.46:877][  0]LogConfig: Setting CVar [[r.Upscale.Quality:3]]
[2019.08.09-14.43.46:877][  0]LogConfig: Setting CVar [[r.Tonemapper.GrainQuantization:1]]
[2019.08.09-14.43.46:877][  0]LogConfig: Setting CVar [[r.LightShaftQuality:1]]
[2019.08.09-14.43.46:877][  0]LogConfig: Setting CVar [[r.Filter.SizeScale:1]]
[2019.08.09-14.43.46:877][  0]LogConfig: Setting CVar [[r.Tonemapper.Quality:5]]
[2019.08.09-14.43.46:877][  0]LogConfig: Setting CVar [[r.DOF.Gather.AccumulatorQuality:1        ; higher gathering accumulator quality]]
[2019.08.09-14.43.46:878][  0]LogConfig: Setting CVar [[r.DOF.Gather.PostfilterMethod:1          ; Median3x3 postfilering method]]
[2019.08.09-14.43.46:878][  0]LogConfig: Setting CVar [[r.DOF.Gather.EnableBokehSettings:0       ; no bokeh simulation when gathering]]
[2019.08.09-14.43.46:878][  0]LogConfig: Setting CVar [[r.DOF.Gather.RingCount:4                 ; medium number of samples when gathering]]
[2019.08.09-14.43.46:878][  0]LogConfig: Setting CVar [[r.DOF.Scatter.ForegroundCompositing:1    ; additive foreground scattering]]
[2019.08.09-14.43.46:878][  0]LogConfig: Setting CVar [[r.DOF.Scatter.BackgroundCompositing:2    ; additive background scattering]]
[2019.08.09-14.43.46:878][  0]LogConfig: Setting CVar [[r.DOF.Scatter.EnableBokehSettings:1      ; bokeh simulation when scattering]]
[2019.08.09-14.43.46:878][  0]LogConfig: Setting CVar [[r.DOF.Scatter.MaxSpriteRatio:0.1         ; only a maximum of 10% of scattered bokeh]]
[2019.08.09-14.43.46:878][  0]LogConfig: Setting CVar [[r.DOF.Recombine.Quality:1                ; cheap slight out of focus]]
[2019.08.09-14.43.46:878][  0]LogConfig: Setting CVar [[r.DOF.Recombine.EnableBokehSettings:0    ; no bokeh simulation on slight out of focus]]
[2019.08.09-14.43.46:878][  0]LogConfig: Setting CVar [[r.DOF.TemporalAAQuality:1                ; more stable temporal accumulation]]
[2019.08.09-14.43.46:878][  0]LogConfig: Setting CVar [[r.DOF.Kernel.MaxForegroundRadius:0.025]]
[2019.08.09-14.43.46:878][  0]LogConfig: Setting CVar [[r.DOF.Kernel.MaxBackgroundRadius:0.025]]
[2019.08.09-14.43.46:878][  0]LogConfig: Applying CVar settings from Section [TextureQuality@3] File [C:/Users/Administrator/Documents/Unreal Projects/zhihui/Saved/Config/Windows/Scalability.ini]
[2019.08.09-14.43.46:878][  0]LogConfig: Setting CVar [[r.Streaming.MipBias:0]]
[2019.08.09-14.43.46:878][  0]LogConfig: Setting CVar [[r.Streaming.AmortizeCPUToGPUCopy:0]]
[2019.08.09-14.43.46:878][  0]LogConfig: Setting CVar [[r.Streaming.MaxNumTexturesToStreamPerFrame:0]]
[2019.08.09-14.43.46:878][  0]LogConfig: Setting CVar [[r.Streaming.Boost:1]]
[2019.08.09-14.43.46:878][  0]LogConfig: Setting CVar [[r.MaxAnisotropy:8]]
[2019.08.09-14.43.46:879][  0]LogConfig: Setting CVar [[r.Streaming.LimitPoolSizeToVRAM:0]]
[2019.08.09-14.43.46:879][  0]LogConfig: Setting CVar [[r.Streaming.PoolSize:1000]]
[2019.08.09-14.43.46:879][  0]LogConfig: Setting CVar [[r.Streaming.MaxEffectiveScreenSize:0]]
[2019.08.09-14.43.46:879][  0]LogConfig: Applying CVar settings from Section [EffectsQuality@3] File [C:/Users/Administrator/Documents/Unreal Projects/zhihui/Saved/Config/Windows/Scalability.ini]
[2019.08.09-14.43.46:879][  0]LogConfig: Setting CVar [[r.TranslucencyLightingVolumeDim:64]]
[2019.08.09-14.43.46:879][  0]LogConfig: Setting CVar [[r.RefractionQuality:2]]
[2019.08.09-14.43.46:879][  0]LogConfig: Setting CVar [[r.SSR.Quality:3]]
[2019.08.09-14.43.46:879][  0]LogConfig: Setting CVar [[r.SceneColorFormat:4]]
[2019.08.09-14.43.46:879][  0]LogConfig: Setting CVar [[r.DetailMode:2]]
[2019.08.09-14.43.46:879][  0]LogConfig: Setting CVar [[r.TranslucencyVolumeBlur:1]]
[2019.08.09-14.43.46:879][  0]LogConfig: Setting CVar [[r.MaterialQualityLevel:1 ; High quality]]
[2019.08.09-14.43.46:879][  0]LogConfig: Setting CVar [[r.SSS.Scale:1]]
[2019.08.09-14.43.46:879][  0]LogConfig: Setting CVar [[r.SSS.SampleSet:2]]
[2019.08.09-14.43.46:879][  0]LogConfig: Setting CVar [[r.SSS.Quality:1]]
[2019.08.09-14.43.46:879][  0]LogConfig: Setting CVar [[r.SSS.HalfRes:1]]
[2019.08.09-14.43.46:879][  0]LogConfig: Setting CVar [[r.EmitterSpawnRateScale:1.0]]
[2019.08.09-14.43.46:879][  0]LogConfig: Setting CVar [[r.ParticleLightQuality:2]]
[2019.08.09-14.43.46:880][  0]LogConfig: Applying CVar settings from Section [FoliageQuality@3] File [C:/Users/Administrator/Documents/Unreal Projects/zhihui/Saved/Config/Windows/Scalability.ini]
[2019.08.09-14.43.46:880][  0]LogConfig: Setting CVar [[foliage.DensityScale:1.0]]
[2019.08.09-14.43.46:880][  0]LogConfig: Setting CVar [[grass.DensityScale:1.0]]
[2019.08.09-14.43.46:880][  0]LogInit: Selected Device Profile: [Windows]
[2019.08.09-14.43.46:881][  0]LogInit: Applying CVar settings loaded from the selected device profile: [Windows]
[2019.08.09-14.43.46:904][  0]LogHAL: Display: Platform has ~ 16 GB [17100521472 / 17179869184 / 16], which maps to Larger [LargestMinGB=32, LargerMinGB=12, DefaultMinGB=8, SmallerMinGB=6, SmallestMinGB=0)
[2019.08.09-14.43.46:905][  0]LogConfig: Setting CVar [[r.Vulkan.UseRealUBs:0		; Required until we fix HLR fall-out]]
[2019.08.09-14.43.46:905][  0]LogInit: Going up to parent DeviceProfile []
[2019.08.09-14.43.46:905][  0]LogConfig: Applying CVar settings from Section [ViewDistanceQuality@3] File [C:/Users/Administrator/Documents/Unreal Projects/zhihui/Saved/Config/Windows/Scalability.ini]
[2019.08.09-14.43.46:905][  0]LogConfig: Setting CVar [[r.SkeletalMeshLODBias:0]]
[2019.08.09-14.43.46:905][  0]LogConfig: Setting CVar [[r.ViewDistanceScale:1.0]]
[2019.08.09-14.43.46:905][  0]LogConfig: Applying CVar settings from Section [AntiAliasingQuality@3] File [C:/Users/Administrator/Documents/Unreal Projects/zhihui/Saved/Config/Windows/Scalability.ini]
[2019.08.09-14.43.46:905][  0]LogConfig: Setting CVar [[r.PostProcessAAQuality:4]]
[2019.08.09-14.43.46:906][  0]LogConfig: Applying CVar settings from Section [ShadowQuality@3] File [C:/Users/Administrator/Documents/Unreal Projects/zhihui/Saved/Config/Windows/Scalability.ini]
[2019.08.09-14.43.46:906][  0]LogConfig: Setting CVar [[r.LightFunctionQuality:1]]
[2019.08.09-14.43.46:906][  0]LogConfig: Setting CVar [[r.ShadowQuality:5]]
[2019.08.09-14.43.46:906][  0]LogConfig: Setting CVar [[r.Shadow.CSM.MaxCascades:10]]
[2019.08.09-14.43.46:906][  0]LogConfig: Setting CVar [[r.Shadow.MaxResolution:2048]]
[2019.08.09-14.43.46:906][  0]LogConfig: Setting CVar [[r.Shadow.MaxCSMResolution:2048]]
[2019.08.09-14.43.46:906][  0]LogConfig: Setting CVar [[r.Shadow.RadiusThreshold:0.01]]
[2019.08.09-14.43.46:906][  0]LogConfig: Setting CVar [[r.Shadow.DistanceScale:1.0]]
[2019.08.09-14.43.46:906][  0]LogConfig: Setting CVar [[r.Shadow.CSM.TransitionScale:1.0]]
[2019.08.09-14.43.46:906][  0]LogConfig: Setting CVar [[r.Shadow.PreShadowResolutionFactor:1.0]]
[2019.08.09-14.43.46:906][  0]LogConfig: Setting CVar [[r.DistanceFieldShadowing:1]]
[2019.08.09-14.43.46:906][  0]LogConfig: Setting CVar [[r.DistanceFieldAO:1]]
[2019.08.09-14.43.46:906][  0]LogConfig: Setting CVar [[r.AOQuality:2]]
[2019.08.09-14.43.46:906][  0]LogConfig: Setting CVar [[r.VolumetricFog:1]]
[2019.08.09-14.43.46:907][  0]LogConfig: Setting CVar [[r.VolumetricFog.GridPixelSize:8]]
[2019.08.09-14.43.46:907][  0]LogConfig: Setting CVar [[r.VolumetricFog.GridSizeZ:128]]
[2019.08.09-14.43.46:907][  0]LogConfig: Setting CVar [[r.VolumetricFog.HistoryMissSupersampleCount:4]]
[2019.08.09-14.43.46:907][  0]LogConfig: Setting CVar [[r.LightMaxDrawDistanceScale:1]]
[2019.08.09-14.43.46:907][  0]LogConfig: Setting CVar [[r.CapsuleShadows:1]]
[2019.08.09-14.43.46:907][  0]LogConfig: Applying CVar settings from Section [PostProcessQuality@3] File [C:/Users/Administrator/Documents/Unreal Projects/zhihui/Saved/Config/Windows/Scalability.ini]
[2019.08.09-14.43.46:907][  0]LogConfig: Setting CVar [[r.MotionBlurQuality:4]]
[2019.08.09-14.43.46:907][  0]LogConfig: Setting CVar [[r.AmbientOcclusionMipLevelFactor:0.4]]
[2019.08.09-14.43.46:907][  0]LogConfig: Setting CVar [[r.AmbientOcclusionMaxQuality:100]]
[2019.08.09-14.43.46:907][  0]LogConfig: Setting CVar [[r.AmbientOcclusionLevels:-1]]
[2019.08.09-14.43.46:907][  0]LogConfig: Setting CVar [[r.AmbientOcclusionRadiusScale:1.0]]
[2019.08.09-14.43.46:907][  0]LogConfig: Setting CVar [[r.DepthOfFieldQuality:2]]
[2019.08.09-14.43.46:907][  0]LogConfig: Setting CVar [[r.RenderTargetPoolMin:400]]
[2019.08.09-14.43.46:907][  0]LogConfig: Setting CVar [[r.LensFlareQuality:2]]
[2019.08.09-14.43.46:907][  0]LogConfig: Setting CVar [[r.SceneColorFringeQuality:1]]
[2019.08.09-14.43.46:908][  0]LogConfig: Setting CVar [[r.EyeAdaptationQuality:2]]
[2019.08.09-14.43.46:908][  0]LogConfig: Setting CVar [[r.BloomQuality:5]]
[2019.08.09-14.43.46:908][  0]LogConfig: Setting CVar [[r.FastBlurThreshold:100]]
[2019.08.09-14.43.46:908][  0]LogConfig: Setting CVar [[r.Upscale.Quality:3]]
[2019.08.09-14.43.46:908][  0]LogConfig: Setting CVar [[r.Tonemapper.GrainQuantization:1]]
[2019.08.09-14.43.46:908][  0]LogConfig: Setting CVar [[r.LightShaftQuality:1]]
[2019.08.09-14.43.46:908][  0]LogConfig: Setting CVar [[r.Filter.SizeScale:1]]
[2019.08.09-14.43.46:908][  0]LogConfig: Setting CVar [[r.Tonemapper.Quality:5]]
[2019.08.09-14.43.46:908][  0]LogConfig: Setting CVar [[r.DOF.Gather.AccumulatorQuality:1        ; higher gathering accumulator quality]]
[2019.08.09-14.43.46:908][  0]LogConfig: Setting CVar [[r.DOF.Gather.PostfilterMethod:1          ; Median3x3 postfilering method]]
[2019.08.09-14.43.46:908][  0]LogConfig: Setting CVar [[r.DOF.Gather.EnableBokehSettings:0       ; no bokeh simulation when gathering]]
[2019.08.09-14.43.46:908][  0]LogConfig: Setting CVar [[r.DOF.Gather.RingCount:4                 ; medium number of samples when gathering]]
[2019.08.09-14.43.46:908][  0]LogConfig: Setting CVar [[r.DOF.Scatter.ForegroundCompositing:1    ; additive foreground scattering]]
[2019.08.09-14.43.46:909][  0]LogConfig: Setting CVar [[r.DOF.Scatter.BackgroundCompositing:2    ; additive background scattering]]
[2019.08.09-14.43.46:909][  0]LogConfig: Setting CVar [[r.DOF.Scatter.EnableBokehSettings:1      ; bokeh simulation when scattering]]
[2019.08.09-14.43.46:909][  0]LogConfig: Setting CVar [[r.DOF.Scatter.MaxSpriteRatio:0.1         ; only a maximum of 10% of scattered bokeh]]
[2019.08.09-14.43.46:909][  0]LogConfig: Setting CVar [[r.DOF.Recombine.Quality:1                ; cheap slight out of focus]]
[2019.08.09-14.43.46:909][  0]LogConfig: Setting CVar [[r.DOF.Recombine.EnableBokehSettings:0    ; no bokeh simulation on slight out of focus]]
[2019.08.09-14.43.46:909][  0]LogConfig: Setting CVar [[r.DOF.TemporalAAQuality:1                ; more stable temporal accumulation]]
[2019.08.09-14.43.46:909][  0]LogConfig: Setting CVar [[r.DOF.Kernel.MaxForegroundRadius:0.025]]
[2019.08.09-14.43.46:909][  0]LogConfig: Setting CVar [[r.DOF.Kernel.MaxBackgroundRadius:0.025]]
[2019.08.09-14.43.46:909][  0]LogConfig: Applying CVar settings from Section [TextureQuality@3] File [C:/Users/Administrator/Documents/Unreal Projects/zhihui/Saved/Config/Windows/Scalability.ini]
[2019.08.09-14.43.46:909][  0]LogConfig: Setting CVar [[r.Streaming.MipBias:0]]
[2019.08.09-14.43.46:909][  0]LogConfig: Setting CVar [[r.Streaming.AmortizeCPUToGPUCopy:0]]
[2019.08.09-14.43.46:909][  0]LogConfig: Setting CVar [[r.Streaming.MaxNumTexturesToStreamPerFrame:0]]
[2019.08.09-14.43.46:909][  0]LogConfig: Setting CVar [[r.Streaming.Boost:1]]
[2019.08.09-14.43.46:909][  0]LogConfig: Setting CVar [[r.MaxAnisotropy:8]]
[2019.08.09-14.43.46:909][  0]LogConfig: Setting CVar [[r.Streaming.LimitPoolSizeToVRAM:0]]
[2019.08.09-14.43.46:910][  0]LogConfig: Setting CVar [[r.Streaming.PoolSize:1000]]
[2019.08.09-14.43.46:910][  0]LogConfig: Setting CVar [[r.Streaming.MaxEffectiveScreenSize:0]]
[2019.08.09-14.43.46:910][  0]LogConfig: Applying CVar settings from Section [EffectsQuality@3] File [C:/Users/Administrator/Documents/Unreal Projects/zhihui/Saved/Config/Windows/Scalability.ini]
[2019.08.09-14.43.46:910][  0]LogConfig: Setting CVar [[r.TranslucencyLightingVolumeDim:64]]
[2019.08.09-14.43.46:910][  0]LogConfig: Setting CVar [[r.RefractionQuality:2]]
[2019.08.09-14.43.46:910][  0]LogConfig: Setting CVar [[r.SSR.Quality:3]]
[2019.08.09-14.43.46:910][  0]LogConfig: Setting CVar [[r.SceneColorFormat:4]]
[2019.08.09-14.43.46:910][  0]LogConfig: Setting CVar [[r.DetailMode:2]]
[2019.08.09-14.43.46:910][  0]LogConfig: Setting CVar [[r.TranslucencyVolumeBlur:1]]
[2019.08.09-14.43.46:910][  0]LogConfig: Setting CVar [[r.MaterialQualityLevel:1 ; High quality]]
[2019.08.09-14.43.46:910][  0]LogConfig: Setting CVar [[r.SSS.Scale:1]]
[2019.08.09-14.43.46:910][  0]LogConfig: Setting CVar [[r.SSS.SampleSet:2]]
[2019.08.09-14.43.46:910][  0]LogConfig: Setting CVar [[r.SSS.Quality:1]]
[2019.08.09-14.43.46:910][  0]LogConfig: Setting CVar [[r.SSS.HalfRes:1]]
[2019.08.09-14.43.46:910][  0]LogConfig: Setting CVar [[r.EmitterSpawnRateScale:1.0]]
[2019.08.09-14.43.46:910][  0]LogConfig: Setting CVar [[r.ParticleLightQuality:2]]
[2019.08.09-14.43.46:911][  0]LogConfig: Applying CVar settings from Section [FoliageQuality@3] File [C:/Users/Administrator/Documents/Unreal Projects/zhihui/Saved/Config/Windows/Scalability.ini]
[2019.08.09-14.43.46:911][  0]LogConfig: Setting CVar [[foliage.DensityScale:1.0]]
[2019.08.09-14.43.46:911][  0]LogConfig: Setting CVar [[grass.DensityScale:1.0]]
[2019.08.09-14.43.46:911][  0]LogConfig: Applying CVar settings from Section [Startup] File [../../../Engine/Config/ConsoleVariables.ini]
[2019.08.09-14.43.46:912][  0]LogConfig: Setting CVar [[net.UseAdaptiveNetUpdateFrequency:0]]
[2019.08.09-14.43.46:912][  0]LogConfig: Setting CVar [[p.chaos.AllowCreatePhysxBodies:1]]
[2019.08.09-14.43.46:912][  0]LogConfig: Applying CVar settings from Section [ConsoleVariables] File [C:/Users/Administrator/Documents/Unreal Projects/zhihui/Saved/Config/Windows/Engine.ini]
[2019.08.09-14.43.46:913][  0]LogInit: Computer: TERRANSFORCE
[2019.08.09-14.43.46:913][  0]LogInit: User: Administrator
[2019.08.09-14.43.46:913][  0]LogInit: CPU Page size=4096, Cores=4
[2019.08.09-14.43.46:913][  0]LogInit: High frequency timer resolution =2.338335 MHz
[2019.08.09-14.43.46:914][  0]LogMemory: Memory total: Physical=15.9GB (16GB approx)
[2019.08.09-14.43.46:914][  0]LogMemory: Platform Memory Stats for Windows
[2019.08.09-14.43.46:914][  0]LogMemory: Process Physical Memory: 97.44 MB used, 97.44 MB peak
[2019.08.09-14.43.46:914][  0]LogMemory: Process Virtual Memory: 90.99 MB used, 90.99 MB peak
[2019.08.09-14.43.46:914][  0]LogMemory: Physical Memory: 7841.88 MB used,  8466.45 MB free, 16308.33 MB total
[2019.08.09-14.43.46:914][  0]LogMemory: Virtual Memory: 4672.70 MB used,  134213056.00 MB free, 134217728.00 MB total
[2019.08.09-14.43.47:668][  0]LogInit: Using OS detected language (zh-CN).
[2019.08.09-14.43.47:668][  0]LogInit: Using OS detected locale (zh-CN).
[2019.08.09-14.43.47:675][  0]LogTextLocalizationResource: LocRes '../../../Engine/Content/Localization/Editor/zh-Hans-CN/Editor.locres' could not be opened for reading!
[2019.08.09-14.43.47:676][  0]LogTextLocalizationResource: LocRes '../../../Engine/Content/Localization/EditorTutorials/zh-Hans-CN/EditorTutorials.locres' could not be opened for reading!
[2019.08.09-14.43.47:677][  0]LogTextLocalizationResource: LocRes '../../../Engine/Content/Localization/Keywords/zh-Hans-CN/Keywords.locres' could not be opened for reading!
[2019.08.09-14.43.47:678][  0]LogTextLocalizationResource: LocRes '../../../Engine/Content/Localization/Category/zh-Hans-CN/Category.locres' could not be opened for reading!
[2019.08.09-14.43.47:680][  0]LogTextLocalizationResource: LocRes '../../../Engine/Content/Localization/ToolTips/zh-Hans-CN/ToolTips.locres' could not be opened for reading!
[2019.08.09-14.43.47:681][  0]LogTextLocalizationResource: LocRes '../../../Engine/Content/Localization/PropertyNames/zh-Hans-CN/PropertyNames.locres' could not be opened for reading!
[2019.08.09-14.43.47:682][  0]LogTextLocalizationResource: LocRes '../../../Engine/Content/Localization/Engine/zh-Hans-CN/Engine.locres' could not be opened for reading!
[2019.08.09-14.43.47:683][  0]LogTextLocalizationResource: LocRes '../../../Engine/Plugins/Online/Android/OnlineSubsystemGooglePlay/Content/Localization/OnlineSubsystemGooglePlay/zh-Hans-CN/OnlineSubsystemGooglePlay.locres' could not be opened for reading!
[2019.08.09-14.43.47:684][  0]LogTextLocalizationResource: LocRes '../../../Engine/Plugins/Online/IOS/OnlineSubsystemIOS/Content/Localization/OnlineSubsystemIOS/zh-Hans-CN/OnlineSubsystemIOS.locres' could not be opened for reading!
[2019.08.09-14.43.47:685][  0]LogTextLocalizationResource: LocRes '../../../Engine/Plugins/Online/OnlineSubsystem/Content/Localization/OnlineSubsystem/zh-Hans-CN/OnlineSubsystem.locres' could not be opened for reading!
[2019.08.09-14.43.47:686][  0]LogTextLocalizationResource: LocRes '../../../Engine/Plugins/Online/OnlineSubsystemUtils/Content/Localization/OnlineSubsystemUtils/zh-Hans-CN/OnlineSubsystemUtils.locres' could not be opened for reading!
[2019.08.09-14.43.47:844][  0]LogTextLocalizationResource: LocRes '../../../Engine/Plugins/Online/Android/OnlineSubsystemGooglePlay/Content/Localization/OnlineSubsystemGooglePlay/zh-CN/OnlineSubsystemGooglePlay.locres' could not be opened for reading!
[2019.08.09-14.43.47:846][  0]LogTextLocalizationResource: LocRes '../../../Engine/Plugins/Online/IOS/OnlineSubsystemIOS/Content/Localization/OnlineSubsystemIOS/zh-CN/OnlineSubsystemIOS.locres' could not be opened for reading!
[2019.08.09-14.43.47:847][  0]LogTextLocalizationResource: LocRes '../../../Engine/Plugins/Online/OnlineSubsystem/Content/Localization/OnlineSubsystem/zh-CN/OnlineSubsystem.locres' could not be opened for reading!
[2019.08.09-14.43.47:848][  0]LogTextLocalizationResource: LocRes '../../../Engine/Plugins/Online/OnlineSubsystemUtils/Content/Localization/OnlineSubsystemUtils/zh-CN/OnlineSubsystemUtils.locres' could not be opened for reading!
[2019.08.09-14.43.47:849][  0]LogTextLocalizationResource: LocRes '../../../Engine/Content/Localization/Editor/zh-Hans/Editor.locres' could not be opened for reading!
[2019.08.09-14.43.47:849][  0]LogTextLocalizationResource: LocRes '../../../Engine/Content/Localization/EditorTutorials/zh-Hans/EditorTutorials.locres' could not be opened for reading!
[2019.08.09-14.43.47:850][  0]LogTextLocalizationResource: LocRes '../../../Engine/Content/Localization/Keywords/zh-Hans/Keywords.locres' could not be opened for reading!
[2019.08.09-14.43.47:851][  0]LogTextLocalizationResource: LocRes '../../../Engine/Content/Localization/Category/zh-Hans/Category.locres' could not be opened for reading!
[2019.08.09-14.43.47:852][  0]LogTextLocalizationResource: LocRes '../../../Engine/Content/Localization/ToolTips/zh-Hans/ToolTips.locres' could not be opened for reading!
[2019.08.09-14.43.47:853][  0]LogTextLocalizationResource: LocRes '../../../Engine/Content/Localization/PropertyNames/zh-Hans/PropertyNames.locres' could not be opened for reading!
[2019.08.09-14.43.47:854][  0]LogTextLocalizationResource: LocRes '../../../Engine/Content/Localization/Engine/zh-Hans/Engine.locres' could not be opened for reading!
[2019.08.09-14.43.47:860][  0]LogTextLocalizationResource: LocRes '../../../Engine/Content/Localization/Editor/zh/Editor.locres' could not be opened for reading!
[2019.08.09-14.43.47:861][  0]LogTextLocalizationResource: LocRes '../../../Engine/Content/Localization/EditorTutorials/zh/EditorTutorials.locres' could not be opened for reading!
[2019.08.09-14.43.47:862][  0]LogTextLocalizationResource: LocRes '../../../Engine/Content/Localization/Keywords/zh/Keywords.locres' could not be opened for reading!
[2019.08.09-14.43.47:863][  0]LogTextLocalizationResource: LocRes '../../../Engine/Content/Localization/Category/zh/Category.locres' could not be opened for reading!
[2019.08.09-14.43.47:864][  0]LogTextLocalizationResource: LocRes '../../../Engine/Content/Localization/ToolTips/zh/ToolTips.locres' could not be opened for reading!
[2019.08.09-14.43.47:865][  0]LogTextLocalizationResource: LocRes '../../../Engine/Content/Localization/PropertyNames/zh/PropertyNames.locres' could not be opened for reading!
[2019.08.09-14.43.47:866][  0]LogTextLocalizationResource: LocRes '../../../Engine/Content/Localization/Engine/zh/Engine.locres' could not be opened for reading!
[2019.08.09-14.43.47:866][  0]LogTextLocalizationResource: LocRes '../../../Engine/Plugins/Online/Android/OnlineSubsystemGooglePlay/Content/Localization/OnlineSubsystemGooglePlay/zh/OnlineSubsystemGooglePlay.locres' could not be opened for reading!
[2019.08.09-14.43.47:867][  0]LogTextLocalizationResource: LocRes '../../../Engine/Plugins/Online/IOS/OnlineSubsystemIOS/Content/Localization/OnlineSubsystemIOS/zh/OnlineSubsystemIOS.locres' could not be opened for reading!
[2019.08.09-14.43.47:868][  0]LogTextLocalizationResource: LocRes '../../../Engine/Plugins/Online/OnlineSubsystem/Content/Localization/OnlineSubsystem/zh/OnlineSubsystem.locres' could not be opened for reading!
[2019.08.09-14.43.47:869][  0]LogTextLocalizationResource: LocRes '../../../Engine/Plugins/Online/OnlineSubsystemUtils/Content/Localization/OnlineSubsystemUtils/zh/OnlineSubsystemUtils.locres' could not be opened for reading!
[2019.08.09-14.43.48:094][  0]LogSlate: New Slate User Created.  User Index 0, Is Virtual User: 0
[2019.08.09-14.43.48:094][  0]LogSlate: Slate User Registered.  User Index 0, Is Virtual User: 0
[2019.08.09-14.43.48:940][  0]LogHMD: Failed to initialize OpenVR with code 110
[2019.08.09-14.43.48:940][  0]LogD3D11RHI: D3D11 adapters:
[2019.08.09-14.43.49:786][  0]LogD3D11RHI:    0. 'NVIDIA GeForce GTX 770M' (Feature Level 11_0)
[2019.08.09-14.43.49:786][  0]LogD3D11RHI:       3029/0/8154 MB DedicatedVideo/DedicatedSystem/SharedSystem, Outputs:1, VendorId:0x10de
[2019.08.09-14.43.49:825][  0]LogD3D11RHI:    1. 'Intel(R) HD Graphics 4600' (Feature Level 11_0)
[2019.08.09-14.43.49:825][  0]LogD3D11RHI:       112/0/2048 MB DedicatedVideo/DedicatedSystem/SharedSystem, Outputs:0, VendorId:0x8086
[2019.08.09-14.43.49:860][  0]LogD3D11RHI:    2. 'Microsoft Basic Render Driver' (Feature Level 11_0)
[2019.08.09-14.43.49:860][  0]LogD3D11RHI:       0/0/8154 MB DedicatedVideo/DedicatedSystem/SharedSystem, Outputs:0, VendorId:0x1414
[2019.08.09-14.43.49:860][  0]LogD3D11RHI: Chosen D3D11 Adapter: 0
[2019.08.09-14.43.49:911][  0]LogD3D11RHI: Creating new Direct3DDevice
[2019.08.09-14.43.49:912][  0]LogD3D11RHI:     GPU DeviceId: 0x11e0 (for the marketing name, search the web for "GPU Device Id")
[2019.08.09-14.43.49:912][  0]LogWindows: EnumDisplayDevices:
[2019.08.09-14.43.49:913][  0]LogWindows:    0. 'Intel(R) HD Graphics 4600' (P:1 D:1)
[2019.08.09-14.43.49:916][  0]LogWindows:    1. 'Intel(R) HD Graphics 4600' (P:0 D:0)
[2019.08.09-14.43.49:920][  0]LogWindows:    2. 'Intel(R) HD Graphics 4600' (P:0 D:0)
[2019.08.09-14.43.49:923][  0]LogWindows: DebugString: PrimaryIsNotTheChoosenAdapter PrimaryIsNotTheChoosenAdapter PrimaryIsNotTheChoosenAdapter FoundDriverCount:0 
[2019.08.09-14.43.49:923][  0]LogD3D11RHI:     Adapter Name: NVIDIA GeForce GTX 770M
[2019.08.09-14.43.49:923][  0]LogD3D11RHI:   Driver Version: Unknown (internal:Unknown, unified:Unknown)
[2019.08.09-14.43.49:923][  0]LogD3D11RHI:      Driver Date: Unknown
[2019.08.09-14.43.49:923][  0]LogRHI: Texture pool is 2120 MB (70% of 3029 MB)
[2019.08.09-14.43.50:048][  0]LogD3D11RHI: Async texture creation enabled
[2019.08.09-14.43.50:062][  0]LogRendererCore: FGlobalReadBuffer::InitRHI
[2019.08.09-14.43.50:063][  0]LogRendererCore: FGlobalReadBuffer::InitRHI
[2019.08.09-14.43.50:063][  0]LogRendererCore: FGlobalReadBuffer::InitRHI
[2019.08.09-14.43.50:080][  0]LogD3D11RHI: GPU Timing Frequency: 1000.000000 (Debug: 2 2)
[2019.08.09-14.43.51:299][  0]LogTemp: Display: Module 'AllDesktopTargetPlatform' loaded TargetPlatform 'AllDesktop'
[2019.08.09-14.43.51:334][  0]LogTemp: Display: Module 'MacClientTargetPlatform' loaded TargetPlatform 'MacClient'
[2019.08.09-14.43.51:371][  0]LogTemp: Display: Module 'MacNoEditorTargetPlatform' loaded TargetPlatform 'MacNoEditor'
[2019.08.09-14.43.51:412][  0]LogTemp: Display: Module 'MacServerTargetPlatform' loaded TargetPlatform 'MacServer'
[2019.08.09-14.43.51:454][  0]LogTemp: Display: Module 'MacTargetPlatform' loaded TargetPlatform 'Mac'
[2019.08.09-14.43.51:490][  0]LogTemp: Display: Module 'WindowsClientTargetPlatform' loaded TargetPlatform 'WindowsClient'
[2019.08.09-14.43.51:531][  0]LogTemp: Display: Module 'WindowsNoEditorTargetPlatform' loaded TargetPlatform 'WindowsNoEditor'
[2019.08.09-14.43.51:573][  0]LogTemp: Display: Module 'WindowsServerTargetPlatform' loaded TargetPlatform 'WindowsServer'
[2019.08.09-14.43.51:598][  0]LogTemp: Display: Module 'WindowsTargetPlatform' loaded TargetPlatform 'Windows'
[2019.08.09-14.43.51:784][  0]LogTemp: Display: Module 'AndroidTargetPlatform' loaded TargetPlatform 'Android'
[2019.08.09-14.43.51:784][  0]LogTemp: Display: Module 'AndroidTargetPlatform' loaded TargetPlatform 'Android_ASTC'
[2019.08.09-14.43.51:785][  0]LogTemp: Display: Module 'AndroidTargetPlatform' loaded TargetPlatform 'Android_ATC'
[2019.08.09-14.43.51:785][  0]LogTemp: Display: Module 'AndroidTargetPlatform' loaded TargetPlatform 'Android_DXT'
[2019.08.09-14.43.51:785][  0]LogTemp: Display: Module 'AndroidTargetPlatform' loaded TargetPlatform 'Android_ETC1'
[2019.08.09-14.43.51:785][  0]LogTemp: Display: Module 'AndroidTargetPlatform' loaded TargetPlatform 'Android_ETC1a'
[2019.08.09-14.43.51:785][  0]LogTemp: Display: Module 'AndroidTargetPlatform' loaded TargetPlatform 'Android_ETC2'
[2019.08.09-14.43.51:785][  0]LogTemp: Display: Module 'AndroidTargetPlatform' loaded TargetPlatform 'Android_PVRTC'
[2019.08.09-14.43.51:785][  0]LogTemp: Display: Module 'AndroidTargetPlatform' loaded TargetPlatform 'AndroidClient'
[2019.08.09-14.43.51:785][  0]LogTemp: Display: Module 'AndroidTargetPlatform' loaded TargetPlatform 'Android_ASTCClient'
[2019.08.09-14.43.51:785][  0]LogTemp: Display: Module 'AndroidTargetPlatform' loaded TargetPlatform 'Android_ATCClient'
[2019.08.09-14.43.51:785][  0]LogTemp: Display: Module 'AndroidTargetPlatform' loaded TargetPlatform 'Android_DXTClient'
[2019.08.09-14.43.51:785][  0]LogTemp: Display: Module 'AndroidTargetPlatform' loaded TargetPlatform 'Android_ETC1Client'
[2019.08.09-14.43.51:785][  0]LogTemp: Display: Module 'AndroidTargetPlatform' loaded TargetPlatform 'Android_ETC1aClient'
[2019.08.09-14.43.51:786][  0]LogTemp: Display: Module 'AndroidTargetPlatform' loaded TargetPlatform 'Android_ETC2Client'
[2019.08.09-14.43.51:786][  0]LogTemp: Display: Module 'AndroidTargetPlatform' loaded TargetPlatform 'Android_PVRTCClient'
[2019.08.09-14.43.51:786][  0]LogTemp: Display: Module 'AndroidTargetPlatform' loaded TargetPlatform 'Android_Multi'
[2019.08.09-14.43.51:786][  0]LogTemp: Display: Module 'AndroidTargetPlatform' loaded TargetPlatform 'Android_MultiClient'
[2019.08.09-14.43.51:807][  0]LogTemp: Display: Module 'HTML5TargetPlatform' loaded TargetPlatform 'HTML5'
[2019.08.09-14.43.51:929][  0]LogTemp: Display: Module 'IOSTargetPlatform' loaded TargetPlatform 'IOSClient'
[2019.08.09-14.43.51:929][  0]LogTemp: Display: Module 'IOSTargetPlatform' loaded TargetPlatform 'IOS'
[2019.08.09-14.43.51:983][  0]LogTemp: Display: Module 'TVOSTargetPlatform' loaded TargetPlatform 'TVOSClient'
[2019.08.09-14.43.51:984][  0]LogTemp: Display: Module 'TVOSTargetPlatform' loaded TargetPlatform 'TVOS'
[2019.08.09-14.43.52:027][  0]LogTemp: Display: Module 'LinuxClientTargetPlatform' loaded TargetPlatform 'LinuxClient'
[2019.08.09-14.43.52:071][  0]LogTemp: Display: Module 'LinuxNoEditorTargetPlatform' loaded TargetPlatform 'LinuxNoEditor'
[2019.08.09-14.43.52:111][  0]LogTemp: Display: Module 'LinuxServerTargetPlatform' loaded TargetPlatform 'LinuxServer'
[2019.08.09-14.43.52:153][  0]LogTemp: Display: Module 'LinuxTargetPlatform' loaded TargetPlatform 'Linux'
[2019.08.09-14.43.52:252][  0]LogTemp: Display: Module 'LuminTargetPlatform' loaded TargetPlatform 'Lumin'
[2019.08.09-14.43.52:252][  0]LogTemp: Display: Module 'LuminTargetPlatform' loaded TargetPlatform 'LuminClient'
[2019.08.09-14.43.52:252][  0]LogTargetPlatformManager: Display: Building Assets For Windows
[2019.08.09-14.43.52:328][  0]LogAudioDebug: Display: Lib vorbis DLL was dynamically loaded.
[2019.08.09-14.43.52:735][  0]LogShaderCompilers: Guid format shader working directory is -17 characters bigger than the processId version (../../../../../../Users/Administrator/Documents/Unreal Projects/zhihui/Intermediate/Shaders/WorkingDirectory/17208/).
[2019.08.09-14.43.52:736][  0]LogShaderCompilers: Cleaned the shader compiler working directory 'C:/Users/Administrator/AppData/Local/Temp/UnrealShaderWorkingDir/E356AB794DD3D8753A91C0A273402898/'.
[2019.08.09-14.43.52:744][  0]LogXGEController: Cleaning working directory: C:/Users/Administrator/AppData/Local/Temp/UnrealXGEWorkingDir/
[2019.08.09-14.43.52:759][  0]LogShaderCompilers: Display: Using XGE Shader Compiler (Interception Interface).
[2019.08.09-14.43.53:693][  0]LogDerivedDataCache: Display: Max Cache Size: 512 MB
[2019.08.09-14.43.53:970][  0]LogDerivedDataCache: Loaded boot cache 0.28s 71MB C:/Users/Administrator/AppData/Local/UnrealEngine/4.22/DerivedDataCache/Boot.ddc.
[2019.08.09-14.43.53:970][  0]LogDerivedDataCache: Display: Loaded Boot cache: C:/Users/Administrator/AppData/Local/UnrealEngine/4.22/DerivedDataCache/Boot.ddc
[2019.08.09-14.43.53:971][  0]LogDerivedDataCache: FDerivedDataBackendGraph:  Pak pak cache file ../../../../../../Users/Administrator/Documents/Unreal Projects/zhihui/DerivedDataCache/DDC.ddp not found, will not use a pak cache.
[2019.08.09-14.43.53:971][  0]LogDerivedDataCache: Unable to find inner node Pak for hierarchical cache Hierarchy.
[2019.08.09-14.43.53:971][  0]LogDerivedDataCache: FDerivedDataBackendGraph:  CompressedPak pak cache file ../../../../../../Users/Administrator/Documents/Unreal Projects/zhihui/DerivedDataCache/Compressed.ddp not found, will not use a pak cache.
[2019.08.09-14.43.53:971][  0]LogDerivedDataCache: Unable to find inner node CompressedPak for hierarchical cache Hierarchy.
[2019.08.09-14.43.53:990][  0]LogDerivedDataCache: Display: Pak cache opened for reading ../../../Engine/DerivedDataCache/Compressed.ddp.
[2019.08.09-14.43.53:991][  0]LogDerivedDataCache: FDerivedDataBackendGraph:  EnterprisePak pak cache file ../../../Enterprise/DerivedDataCache/Compressed.ddp not found, will not use a pak cache.
[2019.08.09-14.43.53:991][  0]LogDerivedDataCache: Unable to find inner node EnterprisePak for hierarchical cache Hierarchy.
[2019.08.09-14.43.54:009][  0]LogDerivedDataCache: Using Local data cache path C:/Users/Administrator/AppData/Local/UnrealEngine/Common/DerivedDataCache: Writable
[2019.08.09-14.43.54:009][  0]LogDerivedDataCache: Shared data cache path not found in *engine.ini, will not use an Shared cache.
[2019.08.09-14.43.54:009][  0]LogDerivedDataCache: Unable to find inner node Shared for hierarchical cache Hierarchy.
[2019.08.09-14.43.54:037][  0]LogMaterial: Verifying Global Shaders for PCD3D_SM5
[2019.08.09-14.43.54:043][  0]LogSlate: Using FreeType 2.6.0
[2019.08.09-14.43.54:048][  0]LogSlate: SlateFontServices - WITH_FREETYPE: 1, WITH_HARFBUZZ: 1
[2019.08.09-14.43.54:292][  0]LogAssetRegistry: FAssetRegistry took 0.0495 seconds to start up
[2019.08.09-14.43.55:205][  0]LogInit: Selected Device Profile: [Windows]
[2019.08.09-14.43.55:681][  0]LogMeshReduction: Using QuadricMeshReduction for automatic static mesh reduction
[2019.08.09-14.43.55:681][  0]LogMeshReduction: Using SimplygonMeshReduction for automatic skeletal mesh reduction
[2019.08.09-14.43.55:681][  0]LogMeshReduction: Using ProxyLODMeshReduction for automatic mesh merging
[2019.08.09-14.43.55:681][  0]LogMeshReduction: No distributed automatic mesh merging module available
[2019.08.09-14.43.55:682][  0]LogMeshMerging: No distributed automatic mesh merging module available
[2019.08.09-14.43.55:721][  0]LogNetVersion: zhihui 1.0.0, NetCL: 5660361, EngineNetVer: 10, GameNetVer: 0 (Checksum: 1666584260)
